[+] Containers:
 |- [+] Container: /Game/FirstPerson/Maps/FirstPersonMap
 |   |- [+] ActorDescs:
 |   |   |- Guid:0EDB289B45CB7E0977A6DBA74201EE76 BaseClass: NativeClass:/Script/Engine.StaticMeshActor Name:StaticMeshActor_10 Label:SM_Cube6 SpatiallyLoaded:1 Bounds:IsValid=true, Min=(X=2900.000 Y=100.000 Z=0.000), Max=(X=3000.000 Y=3400.000 Z=400.000) RuntimeGrid:None EditorOnly:0 RuntimeOnly:0 HLODRelevant:1 ListedInSceneOutliner:1 IsMainWorldOnly:0 FolderPath:Playground FolderGuid:6C02BB504B69D1F3D7A624B130C18E5B
 |   |   |- Guid:21262252453B37957EF29F82ABA2413B BaseClass: NativeClass:/Script/Engine.TextRenderActor Name:TextRenderActor_1 Label:TextRenderActor SpatiallyLoaded:1 Bounds:IsValid=true, Min=(X=-0.100 Y=1100.000 Z=65.013), Max=(X=-0.100 Y=2363.461 Z=215.013) RuntimeGrid:None EditorOnly:0 RuntimeOnly:0 HLODRelevant:0 ListedInSceneOutliner:1 IsMainWorldOnly:0
 |   |   |- Guid:32C3295341399E6E060949BB8DE0F851 BaseClass:/Game/BLUEPRINTS/Interactables/BP_VHSTape.BP_VHSTape_C NativeClass:/Script/Engine.Actor Name:BP_VHSTape_C_UAID_00FF5D82FCEFED5E02_1664071471 Label:BP_VHSTape5 SpatiallyLoaded:1 Bounds:IsValid=true, Min=(X=443.138 Y=827.032 Z=23.514), Max=(X=683.138 Y=924.100 Z=183.583) RuntimeGrid:None EditorOnly:0 RuntimeOnly:0 HLODRelevant:0 ListedInSceneOutliner:1 IsMainWorldOnly:0
 |   |   |- Guid:395348B24FF9FEAF622AFA9079E4D2A5 BaseClass:/Game/BLUEPRINTS/Interactables/BP_VHSTape.BP_VHSTape_C NativeClass:/Script/Engine.Actor Name:BP_VHSTape_C_UAID_00FF5D82FCEFEB5E02_1491278127 Label:BP_VHSTape SpatiallyLoaded:1 Bounds:IsValid=true, Min=(X=925.984 Y=839.324 Z=23.514), Max=(X=1023.051 Y=1079.324 Z=183.583) RuntimeGrid:None EditorOnly:0 RuntimeOnly:0 HLODRelevant:0 ListedInSceneOutliner:1 IsMainWorldOnly:0
 |   |   |- Guid:476A8BA34B961AA577C96896B742363C BaseClass: NativeClass:/Script/Engine.StaticMeshActor Name:StaticMeshActor_UAID_00FF5D82FCEFE85E02_1713426597 Label:SM_Cube11 SpatiallyLoaded:1 Bounds:IsValid=true, Min=(X=795.000 Y=1000.000 Z=0.000), Max=(X=895.000 Y=1100.000 Z=100.000) RuntimeGrid:None EditorOnly:0 RuntimeOnly:0 HLODRelevant:1 ListedInSceneOutliner:1 IsMainWorldOnly:0 FolderPath:Block01 FolderGuid:5710F1034B6DC7FBD588718E283EB93C
 |   |   |- Guid:4D5B3BD04169BDA4ECE8AAB6F911EA4B BaseClass:/Game/VHS/RewindMachine/BP_RewindMachine.BP_RewindMachine_C NativeClass:/Script/Engine.Pawn Name:BP_RewindMachine_C_UAID_00FF5D82FCEFEA5E02_1300884950 Label:BP_RewindMachine SpatiallyLoaded:1 Bounds:IsValid=true, Min=(X=334.754 Y=776.249 Z=45.579), Max=(X=606.754 Y=936.249 Z=205.579) RuntimeGrid:None EditorOnly:0 RuntimeOnly:0 HLODRelevant:0 ListedInSceneOutliner:1 IsMainWorldOnly:0
 |   |   |- Guid:5FE7584649BB6F09265329A6C57CFD0D BaseClass: NativeClass:/Script/Engine.VolumetricCloud Name:VolumetricCloud_0 Label:VolumetricCloud SpatiallyLoaded:0 Bounds:IsValid=true, Min=(X=0.000 Y=0.000 Z=820.000), Max=(X=0.000 Y=0.000 Z=820.000) RuntimeGrid:None EditorOnly:0 RuntimeOnly:0 HLODRelevant:0 ListedInSceneOutliner:1 IsMainWorldOnly:0 FolderPath:Lighting FolderGuid:0BA5F0A04EADB18E70D5B180D08FA34B
 |   |   |- Guid:61391D344900612A77DFC3BA3E354907 BaseClass: NativeClass:/Script/Engine.ExponentialHeightFog Name:ExponentialHeightFog_0 Label:ExponentialHeightFog SpatiallyLoaded:0 Bounds:IsValid=true, Min=(X=-5600.000 Y=-50.000 Z=-6850.000), Max=(X=-5600.000 Y=-50.000 Z=-6850.000) RuntimeGrid:None EditorOnly:0 RuntimeOnly:0 HLODRelevant:0 ListedInSceneOutliner:1 IsMainWorldOnly:0 FolderPath:Lighting FolderGuid:0BA5F0A04EADB18E70D5B180D08FA34B
 |   |   |- Guid:6FEFB3BD4EB37B849EF0D4AC80F83855 BaseClass: NativeClass:/Script/Engine.WorldDataLayers Name:WorldDataLayers Label:WorldDataLayers SpatiallyLoaded:0 Bounds:IsValid=true, Min=(X=0.000 Y=0.000 Z=0.000), Max=(X=0.000 Y=0.000 Z=0.000) RuntimeGrid:None EditorOnly:0 RuntimeOnly:0 HLODRelevant:0 ListedInSceneOutliner:1 IsMainWorldOnly:1
 |   |   |- Guid:78CAF7514C7533F30BD2F19A017AAB65 BaseClass: NativeClass:/Script/Engine.StaticMeshActor Name:StaticMeshActor_0 Label:SM_Cube SpatiallyLoaded:1 Bounds:IsValid=true, Min=(X=0.000 Y=0.000 Z=-50.000), Max=(X=3000.000 Y=3500.000 Z=0.000) RuntimeGrid:None EditorOnly:0 RuntimeOnly:0 HLODRelevant:1 ListedInSceneOutliner:1 IsMainWorldOnly:0 FolderPath:Playground FolderGuid:6C02BB504B69D1F3D7A624B130C18E5B
 |   |   |- Guid:7A1B0EF144E153F7AC9D469FDDC7C3C5 BaseClass: NativeClass:/Script/Engine.StaticMeshActor Name:StaticMeshActor_UAID_00FF5D82FCEFE85E02_1698425594 Label:SM_Cube8 SpatiallyLoaded:1 Bounds:IsValid=true, Min=(X=505.000 Y=600.000 Z=0.000), Max=(X=605.000 Y=1100.000 Z=100.000) RuntimeGrid:None EditorOnly:0 RuntimeOnly:0 HLODRelevant:1 ListedInSceneOutliner:1 IsMainWorldOnly:0 FolderPath:Block01 FolderGuid:5710F1034B6DC7FBD588718E283EB93C
 |   |   |- Guid:812170BC407368D251E826B317CB12E4 BaseClass:/Game/BLUEPRINTS/Interactables/BP_VHSTape.BP_VHSTape_C NativeClass:/Script/Engine.Actor Name:BP_VHSTape_C_UAID_00FF5D82FCEFEB5E02_1492629128 Label:BP_VHSTape2 SpatiallyLoaded:1 Bounds:IsValid=true, Min=(X=925.984 Y=864.361 Z=23.514), Max=(X=1023.051 Y=1104.361 Z=183.583) RuntimeGrid:None EditorOnly:0 RuntimeOnly:0 HLODRelevant:0 ListedInSceneOutliner:1 IsMainWorldOnly:0
 |   |   |- Guid:8559D1384B14F466E8927697A36C1D78 BaseClass: NativeClass:/Script/Engine.StaticMeshActor Name:StaticMeshActor_9 Label:SM_Cube5 SpatiallyLoaded:1 Bounds:IsValid=true, Min=(X=-0.000 Y=100.000 Z=0.000), Max=(X=100.000 Y=3400.000 Z=400.000) RuntimeGrid:None EditorOnly:0 RuntimeOnly:0 HLODRelevant:1 ListedInSceneOutliner:1 IsMainWorldOnly:0 FolderPath:Playground FolderGuid:6C02BB504B69D1F3D7A624B130C18E5B
 |   |   |- Guid:90B7B8D3420C2EABA931D3A6A69DF696 BaseClass: NativeClass:/Script/Engine.StaticMeshActor Name:StaticMeshActor_3 Label:SM_Cube2 SpatiallyLoaded:1 Bounds:IsValid=true, Min=(X=0.000 Y=0.000 Z=0.000), Max=(X=3000.000 Y=100.000 Z=400.000) RuntimeGrid:None EditorOnly:0 RuntimeOnly:0 HLODRelevant:1 ListedInSceneOutliner:1 IsMainWorldOnly:0 FolderPath:Playground FolderGuid:6C02BB504B69D1F3D7A624B130C18E5B
 |   |   |- Guid:96964B554DAD91B9DBB333841CFBBB73 BaseClass:/Game/BLUEPRINTS/Interactables/BP_VHSTape.BP_VHSTape_C NativeClass:/Script/Engine.Actor Name:BP_VHSTape_C_UAID_00FF5D82FCEF015F02_1312070329 Label:BP_VHSTape7 SpatiallyLoaded:1 Bounds:IsValid=true, Min=(X=455.134 Y=871.515 Z=23.514), Max=(X=710.611 Y=1047.109 Z=183.583) RuntimeGrid:None EditorOnly:0 RuntimeOnly:0 HLODRelevant:0 ListedInSceneOutliner:1 IsMainWorldOnly:0
 |   |   |- Guid:9867EB35443244464EC53C83087DCBC2 BaseClass:/Game/FirstPerson/Blueprints/BP_FirstPersonCharacter.BP_FirstPersonCharacter_C NativeClass:/Script/Engine.Character Name:BP_FirstPersonCharacter_C_UAID_00FF5D82FCEFE65E02_1259826239 Label:BP_FirstPersonCharacter SpatiallyLoaded:1 Bounds:IsValid=true, Min=(X=795.000 Y=833.306 Z=0.000), Max=(X=876.694 Y=886.694 Z=192.000) RuntimeGrid:None EditorOnly:0 RuntimeOnly:0 HLODRelevant:0 ListedInSceneOutliner:1 IsMainWorldOnly:0
 |   |   |- Guid:B1E356C04D0CD1605DCFE9B7A83B3E98 BaseClass: NativeClass:/Script/Engine.StaticMeshActor Name:StaticMeshActor_5 Label:SM_Cube4 SpatiallyLoaded:1 Bounds:IsValid=true, Min=(X=1745.000 Y=600.000 Z=0.000), Max=(X=2345.000 Y=1100.000 Z=200.000) RuntimeGrid:None EditorOnly:0 RuntimeOnly:0 HLODRelevant:1 ListedInSceneOutliner:1 IsMainWorldOnly:0 FolderPath:Block01 FolderGuid:5710F1034B6DC7FBD588718E283EB93C
 |   |   |- Guid:B85E0D7D42E069FA899583ABDD51055A BaseClass: NativeClass:/Script/Engine.StaticMeshActor Name:StaticMeshActor_UAID_00FF5D82FCEFE85E02_1702741595 Label:SM_Cube9 SpatiallyLoaded:1 Bounds:IsValid=true, Min=(X=605.000 Y=600.000 Z=0.000), Max=(X=905.000 Y=700.000 Z=100.000) RuntimeGrid:None EditorOnly:0 RuntimeOnly:0 HLODRelevant:1 ListedInSceneOutliner:1 IsMainWorldOnly:0 FolderPath:Block01 FolderGuid:5710F1034B6DC7FBD588718E283EB93C
 |   |   |- Guid:BCB8062D4EEC85A237DBB1A116A01C87 BaseClass:/Game/BLUEPRINTS/Interactables/BP_VHSTape.BP_VHSTape_C NativeClass:/Script/Engine.Actor Name:BP_VHSTape_C_UAID_00FF5D82FCEF015F02_1314451330 Label:BP_VHSTape8 SpatiallyLoaded:1 Bounds:IsValid=true, Min=(X=459.089 Y=932.137 Z=34.577), Max=(X=713.555 Y=1117.168 Z=194.646) RuntimeGrid:None EditorOnly:0 RuntimeOnly:0 HLODRelevant:0 ListedInSceneOutliner:1 IsMainWorldOnly:0
 |   |   |- Guid:C0C56B9644AE3D40CAFF6A878DB29844 BaseClass: NativeClass:/Script/Engine.StaticMeshActor Name:StaticMeshActor_UAID_A4AE111137DC5EFB00_2001720423 Label:SM_SkySphere SpatiallyLoaded:0 Bounds:IsValid=true, Min=(X=-1638400.000 Y=-1638400.000 Z=-1638400.000), Max=(X=1638400.000 Y=1638400.000 Z=1638400.000) RuntimeGrid:None EditorOnly:0 RuntimeOnly:0 HLODRelevant:1 ListedInSceneOutliner:1 IsMainWorldOnly:0 FolderPath:Lighting FolderGuid:0BA5F0A04EADB18E70D5B180D08FA34B
 |   |   |- Guid:C22CE07C4B87D685137FDBBC10FC92C6 BaseClass: NativeClass:/Script/Engine.SkyAtmosphere Name:SkyAtmosphere_0 Label:SkyAtmosphere SpatiallyLoaded:0 Bounds:IsValid=true, Min=(X=0.000 Y=0.000 Z=1020.000), Max=(X=0.000 Y=0.000 Z=1020.000) RuntimeGrid:None EditorOnly:0 RuntimeOnly:0 HLODRelevant:0 ListedInSceneOutliner:1 IsMainWorldOnly:0 FolderPath:Lighting FolderGuid:0BA5F0A04EADB18E70D5B180D08FA34B
 |   |   |- Guid:CD1FBEDF438D7F9861182BA6116FCFBB BaseClass:/Game/BLUEPRINTS/Interactables/BP_VHSTape.BP_VHSTape_C NativeClass:/Script/Engine.Actor Name:BP_VHSTape_C_UAID_00FF5D82FCEF015F02_1307201328 Label:BP_VHSTape6 SpatiallyLoaded:1 Bounds:IsValid=true, Min=(X=518.189 Y=818.505 Z=23.514), Max=(X=687.468 Y=1074.267 Z=183.583) RuntimeGrid:None EditorOnly:0 RuntimeOnly:0 HLODRelevant:0 ListedInSceneOutliner:1 IsMainWorldOnly:0
 |   |   |- Guid:CE8D82634660FCDB3120E2B8D547C533 BaseClass: NativeClass:/Script/Engine.PostProcessVolume Name:PostProcessVolume_0 Label:PostProcessVolume SpatiallyLoaded:0 Bounds:IsValid=true, Min=(X=0.000 Y=0.000 Z=400.000), Max=(X=200.000 Y=200.000 Z=600.000) RuntimeGrid:None EditorOnly:0 RuntimeOnly:0 HLODRelevant:0 ListedInSceneOutliner:1 IsMainWorldOnly:0 FolderPath:Lighting FolderGuid:0BA5F0A04EADB18E70D5B180D08FA34B
 |   |   |- Guid:E01043E74ADB5F7F74F07DA8743F690A BaseClass: NativeClass:/Script/Engine.StaticMeshActor Name:StaticMeshActor_UAID_00FF5D82FCEFE85E02_1708487596 Label:SM_Cube10 SpatiallyLoaded:1 Bounds:IsValid=true, Min=(X=605.000 Y=1000.000 Z=0.000), Max=(X=705.000 Y=1100.000 Z=100.000) RuntimeGrid:None EditorOnly:0 RuntimeOnly:0 HLODRelevant:1 ListedInSceneOutliner:1 IsMainWorldOnly:0 FolderPath:Block01 FolderGuid:5710F1034B6DC7FBD588718E283EB93C
 |   |   |- Guid:E5320C1B4FD9764CE7B54D8487AEC613 BaseClass: NativeClass:/Script/Engine.SkyLight Name:SkyLight_0 Label:SkyLight SpatiallyLoaded:0 Bounds:IsValid=true, Min=(X=0.000 Y=0.000 Z=690.000), Max=(X=0.000 Y=0.000 Z=690.000) RuntimeGrid:None EditorOnly:0 RuntimeOnly:0 HLODRelevant:0 ListedInSceneOutliner:1 IsMainWorldOnly:0 FolderPath:Lighting FolderGuid:0BA5F0A04EADB18E70D5B180D08FA34B
 |   |   |- Guid:E8D0C73E4B0AF2F3A394DF89686858B0 BaseClass:/Game/BLUEPRINTS/Interactables/BP_VHSTape.BP_VHSTape_C NativeClass:/Script/Engine.Actor Name:BP_VHSTape_C_UAID_00FF5D82FCEFEB5E02_1493399129 Label:BP_VHSTape3 SpatiallyLoaded:1 Bounds:IsValid=true, Min=(X=925.984 Y=815.662 Z=23.514), Max=(X=1023.051 Y=1055.662 Z=183.583) RuntimeGrid:None EditorOnly:0 RuntimeOnly:0 HLODRelevant:0 ListedInSceneOutliner:1 IsMainWorldOnly:0
 |   |   |- Guid:F07F1AF64C7C7C238EE1B4BF8C122DD8 BaseClass: NativeClass:/Script/Engine.StaticMeshActor Name:StaticMeshActor_4 Label:SM_Cube3 SpatiallyLoaded:1 Bounds:IsValid=true, Min=(X=0.000 Y=3400.000 Z=0.000), Max=(X=3000.000 Y=3500.000 Z=400.000) RuntimeGrid:None EditorOnly:0 RuntimeOnly:0 HLODRelevant:1 ListedInSceneOutliner:1 IsMainWorldOnly:0 FolderPath:Playground FolderGuid:6C02BB504B69D1F3D7A624B130C18E5B
 |   |   |- Guid:F3A239884AD12CA7F3FD67AE1A2A49B9 BaseClass:/Game/BLUEPRINTS/Interactables/BP_VHSTape.BP_VHSTape_C NativeClass:/Script/Engine.Actor Name:BP_VHSTape_C_UAID_00FF5D82FCEFEB5E02_1494307130 Label:BP_VHSTape4 SpatiallyLoaded:1 Bounds:IsValid=true, Min=(X=925.984 Y=786.289 Z=23.514), Max=(X=1023.051 Y=1026.289 Z=183.583) RuntimeGrid:None EditorOnly:0 RuntimeOnly:0 HLODRelevant:0 ListedInSceneOutliner:1 IsMainWorldOnly:0
 |   |   |- Guid:F431EB84447E93C949455295BC27EC42 BaseClass: NativeClass:/Script/Engine.StaticMeshActor Name:StaticMeshActor_UAID_00FF5D82FCEFE85E02_1595591593 Label:SM_Cube7 SpatiallyLoaded:1 Bounds:IsValid=true, Min=(X=895.000 Y=600.000 Z=0.000), Max=(X=995.000 Y=1100.000 Z=100.000) RuntimeGrid:None EditorOnly:0 RuntimeOnly:0 HLODRelevant:1 ListedInSceneOutliner:1 IsMainWorldOnly:0 FolderPath:Block01 FolderGuid:5710F1034B6DC7FBD588718E283EB93C
 |   |   |- Guid:F80621C9446867154938FE81375207DA BaseClass: NativeClass:/Script/Engine.DirectionalLight Name:DirectionalLight_1 Label:DirectionalLight SpatiallyLoaded:0 Bounds:IsValid=true, Min=(X=-1048576.000 Y=-1048576.000 Z=-1048576.000), Max=(X=1048576.000 Y=1048576.000 Z=1048576.000) RuntimeGrid:None EditorOnly:0 RuntimeOnly:0 HLODRelevant:0 ListedInSceneOutliner:1 IsMainWorldOnly:0 FolderPath:Lighting FolderGuid:0BA5F0A04EADB18E70D5B180D08FA34B
 |   |- [+] Clusters:
 |   |   |- [+] [  0]
 |   |   |   |- Guid:0EDB289B45CB7E0977A6DBA74201EE76 BaseClass: NativeClass:/Script/Engine.StaticMeshActor Name:StaticMeshActor_10 Label:SM_Cube6 SpatiallyLoaded:1 Bounds:IsValid=true, Min=(X=2900.000 Y=100.000 Z=0.000), Max=(X=3000.000 Y=3400.000 Z=400.000) RuntimeGrid:None EditorOnly:0 RuntimeOnly:0 HLODRelevant:1 ListedInSceneOutliner:1 IsMainWorldOnly:0 FolderPath:Playground FolderGuid:6C02BB504B69D1F3D7A624B130C18E5B
 |   |   |- [+] [  1]
 |   |   |   |- Guid:21262252453B37957EF29F82ABA2413B BaseClass: NativeClass:/Script/Engine.TextRenderActor Name:TextRenderActor_1 Label:TextRenderActor SpatiallyLoaded:1 Bounds:IsValid=true, Min=(X=-0.100 Y=1100.000 Z=65.013), Max=(X=-0.100 Y=2363.461 Z=215.013) RuntimeGrid:None EditorOnly:0 RuntimeOnly:0 HLODRelevant:0 ListedInSceneOutliner:1 IsMainWorldOnly:0
 |   |   |- [+] [  2]
 |   |   |   |- Guid:32C3295341399E6E060949BB8DE0F851 BaseClass:/Game/BLUEPRINTS/Interactables/BP_VHSTape.BP_VHSTape_C NativeClass:/Script/Engine.Actor Name:BP_VHSTape_C_UAID_00FF5D82FCEFED5E02_1664071471 Label:BP_VHSTape5 SpatiallyLoaded:1 Bounds:IsValid=true, Min=(X=443.138 Y=827.032 Z=23.514), Max=(X=683.138 Y=924.100 Z=183.583) RuntimeGrid:None EditorOnly:0 RuntimeOnly:0 HLODRelevant:0 ListedInSceneOutliner:1 IsMainWorldOnly:0
 |   |   |- [+] [  3]
 |   |   |   |- Guid:395348B24FF9FEAF622AFA9079E4D2A5 BaseClass:/Game/BLUEPRINTS/Interactables/BP_VHSTape.BP_VHSTape_C NativeClass:/Script/Engine.Actor Name:BP_VHSTape_C_UAID_00FF5D82FCEFEB5E02_1491278127 Label:BP_VHSTape SpatiallyLoaded:1 Bounds:IsValid=true, Min=(X=925.984 Y=839.324 Z=23.514), Max=(X=1023.051 Y=1079.324 Z=183.583) RuntimeGrid:None EditorOnly:0 RuntimeOnly:0 HLODRelevant:0 ListedInSceneOutliner:1 IsMainWorldOnly:0
 |   |   |- [+] [  4]
 |   |   |   |- Guid:476A8BA34B961AA577C96896B742363C BaseClass: NativeClass:/Script/Engine.StaticMeshActor Name:StaticMeshActor_UAID_00FF5D82FCEFE85E02_1713426597 Label:SM_Cube11 SpatiallyLoaded:1 Bounds:IsValid=true, Min=(X=795.000 Y=1000.000 Z=0.000), Max=(X=895.000 Y=1100.000 Z=100.000) RuntimeGrid:None EditorOnly:0 RuntimeOnly:0 HLODRelevant:1 ListedInSceneOutliner:1 IsMainWorldOnly:0 FolderPath:Block01 FolderGuid:5710F1034B6DC7FBD588718E283EB93C
 |   |   |- [+] [  5]
 |   |   |   |- Guid:4D5B3BD04169BDA4ECE8AAB6F911EA4B BaseClass:/Game/VHS/RewindMachine/BP_RewindMachine.BP_RewindMachine_C NativeClass:/Script/Engine.Pawn Name:BP_RewindMachine_C_UAID_00FF5D82FCEFEA5E02_1300884950 Label:BP_RewindMachine SpatiallyLoaded:1 Bounds:IsValid=true, Min=(X=334.754 Y=776.249 Z=45.579), Max=(X=606.754 Y=936.249 Z=205.579) RuntimeGrid:None EditorOnly:0 RuntimeOnly:0 HLODRelevant:0 ListedInSceneOutliner:1 IsMainWorldOnly:0
 |   |   |- [+] [  6]
 |   |   |   |- Guid:5FE7584649BB6F09265329A6C57CFD0D BaseClass: NativeClass:/Script/Engine.VolumetricCloud Name:VolumetricCloud_0 Label:VolumetricCloud SpatiallyLoaded:0 Bounds:IsValid=true, Min=(X=0.000 Y=0.000 Z=820.000), Max=(X=0.000 Y=0.000 Z=820.000) RuntimeGrid:None EditorOnly:0 RuntimeOnly:0 HLODRelevant:0 ListedInSceneOutliner:1 IsMainWorldOnly:0 FolderPath:Lighting FolderGuid:0BA5F0A04EADB18E70D5B180D08FA34B
 |   |   |- [+] [  7]
 |   |   |   |- Guid:61391D344900612A77DFC3BA3E354907 BaseClass: NativeClass:/Script/Engine.ExponentialHeightFog Name:ExponentialHeightFog_0 Label:ExponentialHeightFog SpatiallyLoaded:0 Bounds:IsValid=true, Min=(X=-5600.000 Y=-50.000 Z=-6850.000), Max=(X=-5600.000 Y=-50.000 Z=-6850.000) RuntimeGrid:None EditorOnly:0 RuntimeOnly:0 HLODRelevant:0 ListedInSceneOutliner:1 IsMainWorldOnly:0 FolderPath:Lighting FolderGuid:0BA5F0A04EADB18E70D5B180D08FA34B
 |   |   |- [+] [  8]
 |   |   |   |- Guid:6FEFB3BD4EB37B849EF0D4AC80F83855 BaseClass: NativeClass:/Script/Engine.WorldDataLayers Name:WorldDataLayers Label:WorldDataLayers SpatiallyLoaded:0 Bounds:IsValid=true, Min=(X=0.000 Y=0.000 Z=0.000), Max=(X=0.000 Y=0.000 Z=0.000) RuntimeGrid:None EditorOnly:0 RuntimeOnly:0 HLODRelevant:0 ListedInSceneOutliner:1 IsMainWorldOnly:1
 |   |   |- [+] [  9]
 |   |   |   |- Guid:78CAF7514C7533F30BD2F19A017AAB65 BaseClass: NativeClass:/Script/Engine.StaticMeshActor Name:StaticMeshActor_0 Label:SM_Cube SpatiallyLoaded:1 Bounds:IsValid=true, Min=(X=0.000 Y=0.000 Z=-50.000), Max=(X=3000.000 Y=3500.000 Z=0.000) RuntimeGrid:None EditorOnly:0 RuntimeOnly:0 HLODRelevant:1 ListedInSceneOutliner:1 IsMainWorldOnly:0 FolderPath:Playground FolderGuid:6C02BB504B69D1F3D7A624B130C18E5B
 |   |   |- [+] [ 10]
 |   |   |   |- Guid:7A1B0EF144E153F7AC9D469FDDC7C3C5 BaseClass: NativeClass:/Script/Engine.StaticMeshActor Name:StaticMeshActor_UAID_00FF5D82FCEFE85E02_1698425594 Label:SM_Cube8 SpatiallyLoaded:1 Bounds:IsValid=true, Min=(X=505.000 Y=600.000 Z=0.000), Max=(X=605.000 Y=1100.000 Z=100.000) RuntimeGrid:None EditorOnly:0 RuntimeOnly:0 HLODRelevant:1 ListedInSceneOutliner:1 IsMainWorldOnly:0 FolderPath:Block01 FolderGuid:5710F1034B6DC7FBD588718E283EB93C
 |   |   |- [+] [ 11]
 |   |   |   |- Guid:812170BC407368D251E826B317CB12E4 BaseClass:/Game/BLUEPRINTS/Interactables/BP_VHSTape.BP_VHSTape_C NativeClass:/Script/Engine.Actor Name:BP_VHSTape_C_UAID_00FF5D82FCEFEB5E02_1492629128 Label:BP_VHSTape2 SpatiallyLoaded:1 Bounds:IsValid=true, Min=(X=925.984 Y=864.361 Z=23.514), Max=(X=1023.051 Y=1104.361 Z=183.583) RuntimeGrid:None EditorOnly:0 RuntimeOnly:0 HLODRelevant:0 ListedInSceneOutliner:1 IsMainWorldOnly:0
 |   |   |- [+] [ 12]
 |   |   |   |- Guid:8559D1384B14F466E8927697A36C1D78 BaseClass: NativeClass:/Script/Engine.StaticMeshActor Name:StaticMeshActor_9 Label:SM_Cube5 SpatiallyLoaded:1 Bounds:IsValid=true, Min=(X=-0.000 Y=100.000 Z=0.000), Max=(X=100.000 Y=3400.000 Z=400.000) RuntimeGrid:None EditorOnly:0 RuntimeOnly:0 HLODRelevant:1 ListedInSceneOutliner:1 IsMainWorldOnly:0 FolderPath:Playground FolderGuid:6C02BB504B69D1F3D7A624B130C18E5B
 |   |   |- [+] [ 13]
 |   |   |   |- Guid:90B7B8D3420C2EABA931D3A6A69DF696 BaseClass: NativeClass:/Script/Engine.StaticMeshActor Name:StaticMeshActor_3 Label:SM_Cube2 SpatiallyLoaded:1 Bounds:IsValid=true, Min=(X=0.000 Y=0.000 Z=0.000), Max=(X=3000.000 Y=100.000 Z=400.000) RuntimeGrid:None EditorOnly:0 RuntimeOnly:0 HLODRelevant:1 ListedInSceneOutliner:1 IsMainWorldOnly:0 FolderPath:Playground FolderGuid:6C02BB504B69D1F3D7A624B130C18E5B
 |   |   |- [+] [ 14]
 |   |   |   |- Guid:96964B554DAD91B9DBB333841CFBBB73 BaseClass:/Game/BLUEPRINTS/Interactables/BP_VHSTape.BP_VHSTape_C NativeClass:/Script/Engine.Actor Name:BP_VHSTape_C_UAID_00FF5D82FCEF015F02_1312070329 Label:BP_VHSTape7 SpatiallyLoaded:1 Bounds:IsValid=true, Min=(X=455.134 Y=871.515 Z=23.514), Max=(X=710.611 Y=1047.109 Z=183.583) RuntimeGrid:None EditorOnly:0 RuntimeOnly:0 HLODRelevant:0 ListedInSceneOutliner:1 IsMainWorldOnly:0
 |   |   |- [+] [ 15]
 |   |   |   |- Guid:9867EB35443244464EC53C83087DCBC2 BaseClass:/Game/FirstPerson/Blueprints/BP_FirstPersonCharacter.BP_FirstPersonCharacter_C NativeClass:/Script/Engine.Character Name:BP_FirstPersonCharacter_C_UAID_00FF5D82FCEFE65E02_1259826239 Label:BP_FirstPersonCharacter SpatiallyLoaded:1 Bounds:IsValid=true, Min=(X=795.000 Y=833.306 Z=0.000), Max=(X=876.694 Y=886.694 Z=192.000) RuntimeGrid:None EditorOnly:0 RuntimeOnly:0 HLODRelevant:0 ListedInSceneOutliner:1 IsMainWorldOnly:0
 |   |   |- [+] [ 16]
 |   |   |   |- Guid:B1E356C04D0CD1605DCFE9B7A83B3E98 BaseClass: NativeClass:/Script/Engine.StaticMeshActor Name:StaticMeshActor_5 Label:SM_Cube4 SpatiallyLoaded:1 Bounds:IsValid=true, Min=(X=1745.000 Y=600.000 Z=0.000), Max=(X=2345.000 Y=1100.000 Z=200.000) RuntimeGrid:None EditorOnly:0 RuntimeOnly:0 HLODRelevant:1 ListedInSceneOutliner:1 IsMainWorldOnly:0 FolderPath:Block01 FolderGuid:5710F1034B6DC7FBD588718E283EB93C
 |   |   |- [+] [ 17]
 |   |   |   |- Guid:B85E0D7D42E069FA899583ABDD51055A BaseClass: NativeClass:/Script/Engine.StaticMeshActor Name:StaticMeshActor_UAID_00FF5D82FCEFE85E02_1702741595 Label:SM_Cube9 SpatiallyLoaded:1 Bounds:IsValid=true, Min=(X=605.000 Y=600.000 Z=0.000), Max=(X=905.000 Y=700.000 Z=100.000) RuntimeGrid:None EditorOnly:0 RuntimeOnly:0 HLODRelevant:1 ListedInSceneOutliner:1 IsMainWorldOnly:0 FolderPath:Block01 FolderGuid:5710F1034B6DC7FBD588718E283EB93C
 |   |   |- [+] [ 18]
 |   |   |   |- Guid:BCB8062D4EEC85A237DBB1A116A01C87 BaseClass:/Game/BLUEPRINTS/Interactables/BP_VHSTape.BP_VHSTape_C NativeClass:/Script/Engine.Actor Name:BP_VHSTape_C_UAID_00FF5D82FCEF015F02_1314451330 Label:BP_VHSTape8 SpatiallyLoaded:1 Bounds:IsValid=true, Min=(X=459.089 Y=932.137 Z=34.577), Max=(X=713.555 Y=1117.168 Z=194.646) RuntimeGrid:None EditorOnly:0 RuntimeOnly:0 HLODRelevant:0 ListedInSceneOutliner:1 IsMainWorldOnly:0
 |   |   |- [+] [ 19]
 |   |   |   |- Guid:C0C56B9644AE3D40CAFF6A878DB29844 BaseClass: NativeClass:/Script/Engine.StaticMeshActor Name:StaticMeshActor_UAID_A4AE111137DC5EFB00_2001720423 Label:SM_SkySphere SpatiallyLoaded:0 Bounds:IsValid=true, Min=(X=-1638400.000 Y=-1638400.000 Z=-1638400.000), Max=(X=1638400.000 Y=1638400.000 Z=1638400.000) RuntimeGrid:None EditorOnly:0 RuntimeOnly:0 HLODRelevant:1 ListedInSceneOutliner:1 IsMainWorldOnly:0 FolderPath:Lighting FolderGuid:0BA5F0A04EADB18E70D5B180D08FA34B
 |   |   |- [+] [ 20]
 |   |   |   |- Guid:C22CE07C4B87D685137FDBBC10FC92C6 BaseClass: NativeClass:/Script/Engine.SkyAtmosphere Name:SkyAtmosphere_0 Label:SkyAtmosphere SpatiallyLoaded:0 Bounds:IsValid=true, Min=(X=0.000 Y=0.000 Z=1020.000), Max=(X=0.000 Y=0.000 Z=1020.000) RuntimeGrid:None EditorOnly:0 RuntimeOnly:0 HLODRelevant:0 ListedInSceneOutliner:1 IsMainWorldOnly:0 FolderPath:Lighting FolderGuid:0BA5F0A04EADB18E70D5B180D08FA34B
 |   |   |- [+] [ 21]
 |   |   |   |- Guid:CD1FBEDF438D7F9861182BA6116FCFBB BaseClass:/Game/BLUEPRINTS/Interactables/BP_VHSTape.BP_VHSTape_C NativeClass:/Script/Engine.Actor Name:BP_VHSTape_C_UAID_00FF5D82FCEF015F02_1307201328 Label:BP_VHSTape6 SpatiallyLoaded:1 Bounds:IsValid=true, Min=(X=518.189 Y=818.505 Z=23.514), Max=(X=687.468 Y=1074.267 Z=183.583) RuntimeGrid:None EditorOnly:0 RuntimeOnly:0 HLODRelevant:0 ListedInSceneOutliner:1 IsMainWorldOnly:0
 |   |   |- [+] [ 22]
 |   |   |   |- Guid:CE8D82634660FCDB3120E2B8D547C533 BaseClass: NativeClass:/Script/Engine.PostProcessVolume Name:PostProcessVolume_0 Label:PostProcessVolume SpatiallyLoaded:0 Bounds:IsValid=true, Min=(X=0.000 Y=0.000 Z=400.000), Max=(X=200.000 Y=200.000 Z=600.000) RuntimeGrid:None EditorOnly:0 RuntimeOnly:0 HLODRelevant:0 ListedInSceneOutliner:1 IsMainWorldOnly:0 FolderPath:Lighting FolderGuid:0BA5F0A04EADB18E70D5B180D08FA34B
 |   |   |- [+] [ 23]
 |   |   |   |- Guid:E01043E74ADB5F7F74F07DA8743F690A BaseClass: NativeClass:/Script/Engine.StaticMeshActor Name:StaticMeshActor_UAID_00FF5D82FCEFE85E02_1708487596 Label:SM_Cube10 SpatiallyLoaded:1 Bounds:IsValid=true, Min=(X=605.000 Y=1000.000 Z=0.000), Max=(X=705.000 Y=1100.000 Z=100.000) RuntimeGrid:None EditorOnly:0 RuntimeOnly:0 HLODRelevant:1 ListedInSceneOutliner:1 IsMainWorldOnly:0 FolderPath:Block01 FolderGuid:5710F1034B6DC7FBD588718E283EB93C
 |   |   |- [+] [ 24]
 |   |   |   |- Guid:E5320C1B4FD9764CE7B54D8487AEC613 BaseClass: NativeClass:/Script/Engine.SkyLight Name:SkyLight_0 Label:SkyLight SpatiallyLoaded:0 Bounds:IsValid=true, Min=(X=0.000 Y=0.000 Z=690.000), Max=(X=0.000 Y=0.000 Z=690.000) RuntimeGrid:None EditorOnly:0 RuntimeOnly:0 HLODRelevant:0 ListedInSceneOutliner:1 IsMainWorldOnly:0 FolderPath:Lighting FolderGuid:0BA5F0A04EADB18E70D5B180D08FA34B
 |   |   |- [+] [ 25]
 |   |   |   |- Guid:E8D0C73E4B0AF2F3A394DF89686858B0 BaseClass:/Game/BLUEPRINTS/Interactables/BP_VHSTape.BP_VHSTape_C NativeClass:/Script/Engine.Actor Name:BP_VHSTape_C_UAID_00FF5D82FCEFEB5E02_1493399129 Label:BP_VHSTape3 SpatiallyLoaded:1 Bounds:IsValid=true, Min=(X=925.984 Y=815.662 Z=23.514), Max=(X=1023.051 Y=1055.662 Z=183.583) RuntimeGrid:None EditorOnly:0 RuntimeOnly:0 HLODRelevant:0 ListedInSceneOutliner:1 IsMainWorldOnly:0
 |   |   |- [+] [ 26]
 |   |   |   |- Guid:F07F1AF64C7C7C238EE1B4BF8C122DD8 BaseClass: NativeClass:/Script/Engine.StaticMeshActor Name:StaticMeshActor_4 Label:SM_Cube3 SpatiallyLoaded:1 Bounds:IsValid=true, Min=(X=0.000 Y=3400.000 Z=0.000), Max=(X=3000.000 Y=3500.000 Z=400.000) RuntimeGrid:None EditorOnly:0 RuntimeOnly:0 HLODRelevant:1 ListedInSceneOutliner:1 IsMainWorldOnly:0 FolderPath:Playground FolderGuid:6C02BB504B69D1F3D7A624B130C18E5B
 |   |   |- [+] [ 27]
 |   |   |   |- Guid:F3A239884AD12CA7F3FD67AE1A2A49B9 BaseClass:/Game/BLUEPRINTS/Interactables/BP_VHSTape.BP_VHSTape_C NativeClass:/Script/Engine.Actor Name:BP_VHSTape_C_UAID_00FF5D82FCEFEB5E02_1494307130 Label:BP_VHSTape4 SpatiallyLoaded:1 Bounds:IsValid=true, Min=(X=925.984 Y=786.289 Z=23.514), Max=(X=1023.051 Y=1026.289 Z=183.583) RuntimeGrid:None EditorOnly:0 RuntimeOnly:0 HLODRelevant:0 ListedInSceneOutliner:1 IsMainWorldOnly:0
 |   |   |- [+] [ 28]
 |   |   |   |- Guid:F431EB84447E93C949455295BC27EC42 BaseClass: NativeClass:/Script/Engine.StaticMeshActor Name:StaticMeshActor_UAID_00FF5D82FCEFE85E02_1595591593 Label:SM_Cube7 SpatiallyLoaded:1 Bounds:IsValid=true, Min=(X=895.000 Y=600.000 Z=0.000), Max=(X=995.000 Y=1100.000 Z=100.000) RuntimeGrid:None EditorOnly:0 RuntimeOnly:0 HLODRelevant:1 ListedInSceneOutliner:1 IsMainWorldOnly:0 FolderPath:Block01 FolderGuid:5710F1034B6DC7FBD588718E283EB93C
 |   |   |- [+] [ 29]
 |   |   |   |- Guid:F80621C9446867154938FE81375207DA BaseClass: NativeClass:/Script/Engine.DirectionalLight Name:DirectionalLight_1 Label:DirectionalLight SpatiallyLoaded:0 Bounds:IsValid=true, Min=(X=-1048576.000 Y=-1048576.000 Z=-1048576.000), Max=(X=1048576.000 Y=1048576.000 Z=1048576.000) RuntimeGrid:None EditorOnly:0 RuntimeOnly:0 HLODRelevant:0 ListedInSceneOutliner:1 IsMainWorldOnly:0 FolderPath:Lighting FolderGuid:0BA5F0A04EADB18E70D5B180D08FA34B
 |- ContainerInstances:
 |- [+] MainContainer:
 |   |-        ID: 00000000000000000000000000000000
 |   |-  ParentID: 00000000000000000000000000000000
 |   |-    Bounds: IsValid=false, Min=(X=0.000 Y=0.000 Z=0.000), Max=(X=0.000 Y=0.000 Z=0.000)
 |   |- Transform: 0.000000,0.000000,0.000000|0.000000,0.000000,-0.000000|1.000000,1.000000,1.000000
 |   |- Container: /Game/FirstPerson/Maps/FirstPersonMap
----------------------------------------------------------------------------------------------------------------
FirstPersonMap - Persistent Level
----------------------------------------------------------------------------------------------------------------
[+] Content of FirstPersonMap Persistent Level
 |- Always loaded Actor Count: 38 
 |- Actor Path: /Game/FirstPerson/Maps/FirstPersonMap.FirstPersonMap:PersistentLevel.AbstractNavData-Default
 |- Actor Package: /Game/FirstPerson/Maps/FirstPersonMap
 |- Actor Path: /Game/FirstPerson/Maps/FirstPersonMap.FirstPersonMap:PersistentLevel.BP_FirstPersonCharacter_C_UAID_00FF5D82FCEFE65E02_1259826239
 |- Actor Package: /Game/__ExternalActors__/FirstPerson/Maps/FirstPersonMap/7/HO/A9MZDSSVVUX0SXAX16CD0T
 |- Actor Path: /Game/FirstPerson/Maps/FirstPersonMap.FirstPersonMap:PersistentLevel.BP_RewindMachine_Button_GEN_VARIABLE_BP_RewindMachine_Button_C_CAT_UAID_00FF5D82FCEFF45E02_1619043703
 |- Actor Package: /Game/__ExternalActors__/FirstPerson/Maps/FirstPersonMap/E/OS/OHZ80CA64EB0KWJ44ZOLEX
 |- Actor Path: /Game/FirstPerson/Maps/FirstPersonMap.FirstPersonMap:PersistentLevel.BP_RewindMachine_C_UAID_00FF5D82FCEFEA5E02_1300884950
 |- Actor Package: /Game/__ExternalActors__/FirstPerson/Maps/FirstPersonMap/E/OS/OHZ80CA64EB0KWJ44ZOLEX
 |- Actor Path: /Game/FirstPerson/Maps/FirstPersonMap.FirstPersonMap:PersistentLevel.BP_VHSTape_C_UAID_00FF5D82FCEF015F02_1307201328
 |- Actor Package: /Game/__ExternalActors__/FirstPerson/Maps/FirstPersonMap/1/25/XZRB7KX7Q60KVCYLFINL7W
 |- Actor Path: /Game/FirstPerson/Maps/FirstPersonMap.FirstPersonMap:PersistentLevel.BP_VHSTape_C_UAID_00FF5D82FCEF015F02_1312070329
 |- Actor Package: /Game/__ExternalActors__/FirstPerson/Maps/FirstPersonMap/E/KF/HVT51YWKE4O901FGP1ULQZ
 |- Actor Path: /Game/FirstPerson/Maps/FirstPersonMap.FirstPersonMap:PersistentLevel.BP_VHSTape_C_UAID_00FF5D82FCEF015F02_1314451330
 |- Actor Package: /Game/__ExternalActors__/FirstPerson/Maps/FirstPersonMap/8/MX/23VQBV04FAKXGZ0N7I83I2
 |- Actor Path: /Game/FirstPerson/Maps/FirstPersonMap.FirstPersonMap:PersistentLevel.BP_VHSTape_C_UAID_00FF5D82FCEFEB5E02_1491278127
 |- Actor Package: /Game/__ExternalActors__/FirstPerson/Maps/FirstPersonMap/5/B6/R7PKK5KBD45IZ6CW9CK1RZ
 |- Actor Path: /Game/FirstPerson/Maps/FirstPersonMap.FirstPersonMap:PersistentLevel.BP_VHSTape_C_UAID_00FF5D82FCEFEB5E02_1492629128
 |- Actor Package: /Game/__ExternalActors__/FirstPerson/Maps/FirstPersonMap/C/HB/GPHSSI91EEMD1AKW0QNXVM
 |- Actor Path: /Game/FirstPerson/Maps/FirstPersonMap.FirstPersonMap:PersistentLevel.BP_VHSTape_C_UAID_00FF5D82FCEFEB5E02_1493399129
 |- Actor Package: /Game/__ExternalActors__/FirstPerson/Maps/FirstPersonMap/D/37/EATHUFW47H42RD4LAW6CK4
 |- Actor Path: /Game/FirstPerson/Maps/FirstPersonMap.FirstPersonMap:PersistentLevel.BP_VHSTape_C_UAID_00FF5D82FCEFEB5E02_1494307130
 |- Actor Package: /Game/__ExternalActors__/FirstPerson/Maps/FirstPersonMap/6/WN/04VCE5YEUBIPMHM0AZB8AU
 |- Actor Path: /Game/FirstPerson/Maps/FirstPersonMap.FirstPersonMap:PersistentLevel.BP_VHSTape_C_UAID_00FF5D82FCEFED5E02_1664071471
 |- Actor Package: /Game/__ExternalActors__/FirstPerson/Maps/FirstPersonMap/E/BH/HGFSLY7QRNV6X0E7FR5T1Y
 |- Actor Path: /Game/FirstPerson/Maps/FirstPersonMap.FirstPersonMap:PersistentLevel.Brush_0
 |- Actor Package: /Game/FirstPerson/Maps/FirstPersonMap
 |- Actor Path: /Game/FirstPerson/Maps/FirstPersonMap.FirstPersonMap:PersistentLevel.DefaultPhysicsVolume_0
 |- Actor Package: /Game/FirstPerson/Maps/FirstPersonMap
 |- Actor Path: /Game/FirstPerson/Maps/FirstPersonMap.FirstPersonMap:PersistentLevel.DirectionalLight_1
 |- Actor Package: /Game/__ExternalActors__/FirstPerson/Maps/FirstPersonMap/0/WB/V4ALNTJYOVWM8BU452CKV5
 |- Actor Path: /Game/FirstPerson/Maps/FirstPersonMap.FirstPersonMap:PersistentLevel.ExponentialHeightFog_0
 |- Actor Package: /Game/__ExternalActors__/FirstPerson/Maps/FirstPersonMap/0/CL/381LM03PFI8AF9NED1SEV2
 |- Actor Path: /Game/FirstPerson/Maps/FirstPersonMap.FirstPersonMap:PersistentLevel.FirstPersonExampleMap_C_1
 |- Actor Package: /Game/FirstPerson/Maps/FirstPersonMap
 |- Actor Path: /Game/FirstPerson/Maps/FirstPersonMap.FirstPersonMap:PersistentLevel.GameplayDebuggerPlayerManager_0
 |- Actor Package: /Game/FirstPerson/Maps/FirstPersonMap
 |- Actor Path: /Game/FirstPerson/Maps/FirstPersonMap.FirstPersonMap:PersistentLevel.PostProcessVolume_0
 |- Actor Package: /Game/__ExternalActors__/FirstPerson/Maps/FirstPersonMap/E/MX/R1GV431P5FDO08OFULRA01
 |- Actor Path: /Game/FirstPerson/Maps/FirstPersonMap.FirstPersonMap:PersistentLevel.SkyAtmosphere_0
 |- Actor Package: /Game/__ExternalActors__/FirstPerson/Maps/FirstPersonMap/C/VO/VMN4G7K3NKKV6F8HTPHHDB
 |- Actor Path: /Game/FirstPerson/Maps/FirstPersonMap.FirstPersonMap:PersistentLevel.SkyLight_0
 |- Actor Package: /Game/__ExternalActors__/FirstPerson/Maps/FirstPersonMap/6/0Z/5RQIHCZ9W3UXRGL4LTLQAK
 |- Actor Path: /Game/FirstPerson/Maps/FirstPersonMap.FirstPersonMap:PersistentLevel.StaticMeshActor_0
 |- Actor Package: /Game/__ExternalActors__/FirstPerson/Maps/FirstPersonMap/7/L5/1ZJ54FMA0DAL3I2Q8RFAIB
 |- Actor Path: /Game/FirstPerson/Maps/FirstPersonMap.FirstPersonMap:PersistentLevel.StaticMeshActor_3
 |- Actor Package: /Game/__ExternalActors__/FirstPerson/Maps/FirstPersonMap/3/AI/0XWE3RNM2XQC0ST1KXG02O
 |- Actor Path: /Game/FirstPerson/Maps/FirstPersonMap.FirstPersonMap:PersistentLevel.StaticMeshActor_4
 |- Actor Package: /Game/__ExternalActors__/FirstPerson/Maps/FirstPersonMap/6/AJ/2XZ3RUK0LFB63FVNQE7P5R
 |- Actor Path: /Game/FirstPerson/Maps/FirstPersonMap.FirstPersonMap:PersistentLevel.StaticMeshActor_5
 |- Actor Package: /Game/__ExternalActors__/FirstPerson/Maps/FirstPersonMap/3/CP/XRLOR3HVYVHJA3N9PKGXZH
 |- Actor Path: /Game/FirstPerson/Maps/FirstPersonMap.FirstPersonMap:PersistentLevel.StaticMeshActor_9
 |- Actor Package: /Game/__ExternalActors__/FirstPerson/Maps/FirstPersonMap/E/UE/YUZ9741T50O1SYRX90OB0S
 |- Actor Path: /Game/FirstPerson/Maps/FirstPersonMap.FirstPersonMap:PersistentLevel.StaticMeshActor_10
 |- Actor Package: /Game/__ExternalActors__/FirstPerson/Maps/FirstPersonMap/A/XJ/HL558UUAGCS9HVVOI0S7PX
 |- Actor Path: /Game/FirstPerson/Maps/FirstPersonMap.FirstPersonMap:PersistentLevel.StaticMeshActor_UAID_00FF5D82FCEFE85E02_1595591593
 |- Actor Package: /Game/__ExternalActors__/FirstPerson/Maps/FirstPersonMap/1/2Q/T1050ET63SA5BY6ECU5VKB
 |- Actor Path: /Game/FirstPerson/Maps/FirstPersonMap.FirstPersonMap:PersistentLevel.StaticMeshActor_UAID_00FF5D82FCEFE85E02_1698425594
 |- Actor Package: /Game/__ExternalActors__/FirstPerson/Maps/FirstPersonMap/E/7E/J4PV6RTPQKAXHXXS5JZVJI
 |- Actor Path: /Game/FirstPerson/Maps/FirstPersonMap.FirstPersonMap:PersistentLevel.StaticMeshActor_UAID_00FF5D82FCEFE85E02_1702741595
 |- Actor Package: /Game/__ExternalActors__/FirstPerson/Maps/FirstPersonMap/F/3L/K1KHFRKFVTID40WZFRSQXE
 |- Actor Path: /Game/FirstPerson/Maps/FirstPersonMap.FirstPersonMap:PersistentLevel.StaticMeshActor_UAID_00FF5D82FCEFE85E02_1708487596
 |- Actor Package: /Game/__ExternalActors__/FirstPerson/Maps/FirstPersonMap/8/5A/NM8Y7SIUNUO1ICMGCFCMGL
 |- Actor Path: /Game/FirstPerson/Maps/FirstPersonMap.FirstPersonMap:PersistentLevel.StaticMeshActor_UAID_00FF5D82FCEFE85E02_1713426597
 |- Actor Package: /Game/__ExternalActors__/FirstPerson/Maps/FirstPersonMap/4/1A/ZX3NN97X365Y6UG4848IBZ
 |- Actor Path: /Game/FirstPerson/Maps/FirstPersonMap.FirstPersonMap:PersistentLevel.StaticMeshActor_UAID_A4AE111137DC5EFB00_2001720423
 |- Actor Package: /Game/__ExternalActors__/FirstPerson/Maps/FirstPersonMap/C/ZU/PDQ0AB8RLNMVID876FD49G
 |- Actor Path: /Game/FirstPerson/Maps/FirstPersonMap.FirstPersonMap:PersistentLevel.TextRenderActor_1
 |- Actor Package: /Game/__ExternalActors__/FirstPerson/Maps/FirstPersonMap/1/RN/55P1SMQLAF7OK6300D5I8N
 |- Actor Path: /Game/FirstPerson/Maps/FirstPersonMap.FirstPersonMap:PersistentLevel.VolumetricCloud_0
 |- Actor Package: /Game/__ExternalActors__/FirstPerson/Maps/FirstPersonMap/0/GO/I8WEFD3RY9V3NVQLSU6QM4
 |- Actor Path: /Game/FirstPerson/Maps/FirstPersonMap.FirstPersonMap:PersistentLevel.WorldDataLayers
 |- Actor Package: /Game/__ExternalActors__/FirstPerson/Maps/FirstPersonMap/D/0W/E1FKEGVKGOLM7HGLQPCIPO
 |- Actor Path: /Game/FirstPerson/Maps/FirstPersonMap.FirstPersonMap:PersistentLevel.WorldInfo_0
 |- Actor Package: /Game/FirstPerson/Maps/FirstPersonMap
 |- Actor Path: /Game/FirstPerson/Maps/FirstPersonMap.FirstPersonMap:PersistentLevel.WorldPartitionMiniMap_0
 |- Actor Package: /Game/__ExternalActors__/FirstPerson/Maps/FirstPersonMap/4/CR/SRVPLA8UNZ8XIIP0E036DI

----------------------------------------------------------------------------------------------------------------
FirstPersonMap - Runtime Spatial Hash - Streaming Grid - MainGrid
----------------------------------------------------------------------------------------------------------------
            Origin: X=0.000 Y=0.000 Z=0.000
         Cell Size: 12800
      World Bounds: IsValid=false, Min=(X=0.000 Y=0.000 Z=0.000), Max=(X=0.000 Y=0.000 Z=0.000)
     Loading Range: 25600.00
Block Slow Loading: No
 ClientOnlyVisible: No
            Origin: X=0.000 Y=0.000 Z=0.000

[+] Grid Levels: 1
 |- Level  0: Cell Count    0 | Cell Size   12800 | Actor Count    0 (0.0%)

[+] Content of Grid Level 0

