[+] Containers:
 |- [+] Container: /Game/MODELS/FirstPerson/Maps/FirstPersonMap
 |   |- [+] ActorDescs:
 |   |   |- Guid:012352F2476C51A5F00B02B3876DB6D3 BaseClass:/Game/BLUEPRINTS/Interactables/BP_VHSTape.BP_VHSTape_C NativeClass:/Script/Engine.Actor Name:BP_VHSTape_C_UAID_00FF5D82FCEF075F02_1678403753 Label:BP_VHSTape22 SpatiallyLoaded:1 Bounds:IsValid=true, Min=(X=925.984 Y=864.361 Z=104.510), Max=(X=1023.051 Y=1104.361 Z=264.580) RuntimeGrid:None EditorOnly:0 RuntimeOnly:0 HLODRelevant:0 ListedInSceneOutliner:1 IsMainWorldOnly:0
 |   |   |- Guid:0EDB289B45CB7E0977A6DBA74201EE76 BaseClass: NativeClass:/Script/Engine.StaticMeshActor Name:StaticMeshActor_10 Label:SM_Cube6 SpatiallyLoaded:1 Bounds:IsValid=true, Min=(X=2900.000 Y=100.000 Z=0.000), Max=(X=3000.000 Y=3400.000 Z=400.000) RuntimeGrid:None EditorOnly:0 RuntimeOnly:0 HLODRelevant:1 ListedInSceneOutliner:1 IsMainWorldOnly:0 FolderPath:Playground FolderGuid:6C02BB504B69D1F3D7A624B130C18E5B
 |   |   |- Guid:0FFAB7484C2DB8FEDAD66E8ACF3AC729 BaseClass:/Game/BLUEPRINTS/Interactables/BP_DVD_Station.BP_DVD_Station_C NativeClass:/Script/Engine.Pawn Name:BP_DVD_Station_C_UAID_00FF5D82FCEFFD5F02_1997093345 Label:BP_DVD_Station SpatiallyLoaded:1 Bounds:IsValid=true, Min=(X=677.848 Y=573.028 Z=-2.000), Max=(X=837.294 Y=768.337 Z=306.331) RuntimeGrid:None EditorOnly:0 RuntimeOnly:0 HLODRelevant:0 ListedInSceneOutliner:1 IsMainWorldOnly:0
 |   |   |- Guid:189DC8B243DB7A7515D39D87FF571A4B BaseClass:/Game/BLUEPRINTS/Interactables/BP_VHSTape.BP_VHSTape_C NativeClass:/Script/Engine.Actor Name:BP_VHSTape_C_UAID_00FF5D82FCEF075F02_1654168741 Label:BP_VHSTape10 SpatiallyLoaded:1 Bounds:IsValid=true, Min=(X=925.984 Y=864.361 Z=35.082), Max=(X=1023.051 Y=1104.361 Z=195.151) RuntimeGrid:None EditorOnly:0 RuntimeOnly:0 HLODRelevant:0 ListedInSceneOutliner:1 IsMainWorldOnly:0
 |   |   |- Guid:19EC0B934C2E6E773D21D8B19018CFEB BaseClass:/Game/BLUEPRINTS/Interactables/BP_VHSTape.BP_VHSTape_C NativeClass:/Script/Engine.Actor Name:BP_VHSTape_C_UAID_00FF5D82FCEF075F02_1678398749 Label:BP_VHSTape18 SpatiallyLoaded:1 Bounds:IsValid=true, Min=(X=925.984 Y=864.361 Z=81.454), Max=(X=1023.051 Y=1104.361 Z=241.523) RuntimeGrid:None EditorOnly:0 RuntimeOnly:0 HLODRelevant:0 ListedInSceneOutliner:1 IsMainWorldOnly:0
 |   |   |- Guid:1A643458444B2B4A2012129536E7B268 BaseClass:/Game/MODELS/DVD/BP_DVDDirt.BP_DVDDirt_C NativeClass:/Script/Engine.Actor Name:BP_DVDDirt_C_UAID_00FF5D82FCEF166402_1132294249 Label:BP_DVDDirt2 SpatiallyLoaded:1 Bounds:IsValid=true, Min=(X=819.518 Y=690.006 Z=99.904), Max=(X=822.398 Y=692.886 Z=100.096) RuntimeGrid:None EditorOnly:0 RuntimeOnly:0 HLODRelevant:0 ListedInSceneOutliner:1 IsMainWorldOnly:0
 |   |   |- Guid:21262252453B37957EF29F82ABA2413B BaseClass: NativeClass:/Script/Engine.TextRenderActor Name:TextRenderActor_1 Label:TextRenderActor SpatiallyLoaded:1 Bounds:IsValid=true, Min=(X=-0.100 Y=1100.000 Z=65.013), Max=(X=-0.100 Y=2363.461 Z=215.013) RuntimeGrid:None EditorOnly:0 RuntimeOnly:0 HLODRelevant:0 ListedInSceneOutliner:1 IsMainWorldOnly:0
 |   |   |- Guid:22D562314CB45B2E3649F38097C4B004 BaseClass:/Game/BLUEPRINTS/BP_DVDTray.BP_DVDTray_C NativeClass:/Script/Engine.Actor Name:BP_DVDTray_C_UAID_00FF5D82FCEF506302_1144611121 Label:BP_DVDTray SpatiallyLoaded:1 Bounds:IsValid=true, Min=(X=839.093 Y=610.863 Z=85.677), Max=(X=903.048 Y=690.678 Z=127.870) RuntimeGrid:None EditorOnly:0 RuntimeOnly:0 HLODRelevant:0 ListedInSceneOutliner:1 IsMainWorldOnly:0
 |   |   |- Guid:319A0E7147B57FD83FAE7D91B325EC43 BaseClass:/Game/BLUEPRINTS/Interactables/BP_VHSTape.BP_VHSTape_C NativeClass:/Script/Engine.Actor Name:BP_VHSTape_C_UAID_00FF5D82FCEF075F02_1678402752 Label:BP_VHSTape21 SpatiallyLoaded:1 Bounds:IsValid=true, Min=(X=925.984 Y=864.361 Z=98.758), Max=(X=1023.051 Y=1104.361 Z=258.827) RuntimeGrid:None EditorOnly:0 RuntimeOnly:0 HLODRelevant:0 ListedInSceneOutliner:1 IsMainWorldOnly:0
 |   |   |- Guid:32C3295341399E6E060949BB8DE0F851 BaseClass:/Game/BLUEPRINTS/Interactables/BP_VHSTape.BP_VHSTape_C NativeClass:/Script/Engine.Actor Name:BP_VHSTape_C_UAID_00FF5D82FCEFED5E02_1664071471 Label:BP_VHSTape5 SpatiallyLoaded:1 Bounds:IsValid=true, Min=(X=443.138 Y=827.032 Z=23.514), Max=(X=683.138 Y=924.100 Z=183.583) RuntimeGrid:None EditorOnly:0 RuntimeOnly:0 HLODRelevant:0 ListedInSceneOutliner:1 IsMainWorldOnly:0
 |   |   |- Guid:395348B24FF9FEAF622AFA9079E4D2A5 BaseClass:/Game/BLUEPRINTS/Interactables/BP_VHSTape.BP_VHSTape_C NativeClass:/Script/Engine.Actor Name:BP_VHSTape_C_UAID_00FF5D82FCEFEB5E02_1491278127 Label:BP_VHSTape SpatiallyLoaded:1 Bounds:IsValid=true, Min=(X=925.984 Y=839.324 Z=23.514), Max=(X=1023.051 Y=1079.324 Z=183.583) RuntimeGrid:None EditorOnly:0 RuntimeOnly:0 HLODRelevant:0 ListedInSceneOutliner:1 IsMainWorldOnly:0
 |   |   |- Guid:476A8BA34B961AA577C96896B742363C BaseClass: NativeClass:/Script/Engine.StaticMeshActor Name:StaticMeshActor_UAID_00FF5D82FCEFE85E02_1713426597 Label:SM_Cube11 SpatiallyLoaded:1 Bounds:IsValid=true, Min=(X=795.000 Y=1000.000 Z=0.000), Max=(X=895.000 Y=1100.000 Z=100.000) RuntimeGrid:None EditorOnly:0 RuntimeOnly:0 HLODRelevant:1 ListedInSceneOutliner:1 IsMainWorldOnly:0 FolderPath:Block01 FolderGuid:5710F1034B6DC7FBD588718E283EB93C
 |   |   |- Guid:4D5B3BD04169BDA4ECE8AAB6F911EA4B BaseClass:/Game/BLUEPRINTS/Interactables/BP_RewindMachine.BP_RewindMachine_C NativeClass:/Script/Engine.Pawn Name:BP_RewindMachine_C_UAID_00FF5D82FCEFEA5E02_1300884950 Label:BP_RewindMachine SpatiallyLoaded:1 Bounds:IsValid=true, Min=(X=334.754 Y=776.249 Z=45.579), Max=(X=594.343 Y=936.249 Z=205.579) RuntimeGrid:None EditorOnly:0 RuntimeOnly:0 HLODRelevant:0 ListedInSceneOutliner:1 IsMainWorldOnly:0
 |   |   |- Guid:59093BCF4662DB636E97739A45130133 BaseClass:/Game/BLUEPRINTS/Interactables/BP_VHSTape.BP_VHSTape_C NativeClass:/Script/Engine.Actor Name:BP_VHSTape_C_UAID_00FF5D82FCEF075F02_1678401751 Label:BP_VHSTape20 SpatiallyLoaded:1 Bounds:IsValid=true, Min=(X=925.984 Y=864.361 Z=93.022), Max=(X=1023.051 Y=1104.361 Z=253.091) RuntimeGrid:None EditorOnly:0 RuntimeOnly:0 HLODRelevant:0 ListedInSceneOutliner:1 IsMainWorldOnly:0
 |   |   |- Guid:5F05E46345B2FA84F309A4A5B416DD7B BaseClass:/Game/BLUEPRINTS/Interactables/BP_VHSTape.BP_VHSTape_C NativeClass:/Script/Engine.Actor Name:BP_VHSTape_C_UAID_00FF5D82FCEF075F02_1664650747 Label:BP_VHSTape16 SpatiallyLoaded:1 Bounds:IsValid=true, Min=(X=925.984 Y=864.361 Z=69.617), Max=(X=1023.051 Y=1104.361 Z=229.686) RuntimeGrid:None EditorOnly:0 RuntimeOnly:0 HLODRelevant:0 ListedInSceneOutliner:1 IsMainWorldOnly:0
 |   |   |- Guid:5FE7584649BB6F09265329A6C57CFD0D BaseClass: NativeClass:/Script/Engine.VolumetricCloud Name:VolumetricCloud_0 Label:VolumetricCloud SpatiallyLoaded:0 Bounds:IsValid=true, Min=(X=0.000 Y=0.000 Z=820.000), Max=(X=0.000 Y=0.000 Z=820.000) RuntimeGrid:None EditorOnly:0 RuntimeOnly:0 HLODRelevant:0 ListedInSceneOutliner:1 IsMainWorldOnly:0 FolderPath:Lighting FolderGuid:0BA5F0A04EADB18E70D5B180D08FA34B
 |   |   |- Guid:61391D344900612A77DFC3BA3E354907 BaseClass: NativeClass:/Script/Engine.ExponentialHeightFog Name:ExponentialHeightFog_0 Label:ExponentialHeightFog SpatiallyLoaded:0 Bounds:IsValid=true, Min=(X=-5600.000 Y=-50.000 Z=-6850.000), Max=(X=-5600.000 Y=-50.000 Z=-6850.000) RuntimeGrid:None EditorOnly:0 RuntimeOnly:0 HLODRelevant:0 ListedInSceneOutliner:1 IsMainWorldOnly:0 FolderPath:Lighting FolderGuid:0BA5F0A04EADB18E70D5B180D08FA34B
 |   |   |- Guid:6FEFB3BD4EB37B849EF0D4AC80F83855 BaseClass: NativeClass:/Script/Engine.WorldDataLayers Name:WorldDataLayers Label:WorldDataLayers SpatiallyLoaded:0 Bounds:Invalid RuntimeGrid:None EditorOnly:0 RuntimeOnly:0 HLODRelevant:0 ListedInSceneOutliner:1 IsMainWorldOnly:1
 |   |   |- Guid:78CAF7514C7533F30BD2F19A017AAB65 BaseClass: NativeClass:/Script/Engine.StaticMeshActor Name:StaticMeshActor_0 Label:SM_Cube SpatiallyLoaded:1 Bounds:IsValid=true, Min=(X=0.000 Y=0.000 Z=-50.000), Max=(X=3000.000 Y=3500.000 Z=0.000) RuntimeGrid:None EditorOnly:0 RuntimeOnly:0 HLODRelevant:1 ListedInSceneOutliner:1 IsMainWorldOnly:0 FolderPath:Playground FolderGuid:6C02BB504B69D1F3D7A624B130C18E5B
 |   |   |- Guid:7A1B0EF144E153F7AC9D469FDDC7C3C5 BaseClass: NativeClass:/Script/Engine.StaticMeshActor Name:StaticMeshActor_UAID_00FF5D82FCEFE85E02_1698425594 Label:SM_Cube8 SpatiallyLoaded:1 Bounds:IsValid=true, Min=(X=505.000 Y=600.000 Z=0.000), Max=(X=605.000 Y=1100.000 Z=100.000) RuntimeGrid:None EditorOnly:0 RuntimeOnly:0 HLODRelevant:1 ListedInSceneOutliner:1 IsMainWorldOnly:0 FolderPath:Block01 FolderGuid:5710F1034B6DC7FBD588718E283EB93C
 |   |   |- Guid:7DD69AB34C04098B68E84DB260726E68 BaseClass:/Game/BLUEPRINTS/Interactables/BP_VHSTape.BP_VHSTape_C NativeClass:/Script/Engine.Actor Name:BP_VHSTape_C_UAID_00FF5D82FCEF075F02_1649407740 Label:BP_VHSTape9 SpatiallyLoaded:1 Bounds:IsValid=true, Min=(X=925.984 Y=864.361 Z=29.301), Max=(X=1023.051 Y=1104.361 Z=189.370) RuntimeGrid:None EditorOnly:0 RuntimeOnly:0 HLODRelevant:0 ListedInSceneOutliner:1 IsMainWorldOnly:0
 |   |   |- Guid:812170BC407368D251E826B317CB12E4 BaseClass:/Game/BLUEPRINTS/Interactables/BP_VHSTape.BP_VHSTape_C NativeClass:/Script/Engine.Actor Name:BP_VHSTape_C_UAID_00FF5D82FCEFEB5E02_1492629128 Label:BP_VHSTape2 SpatiallyLoaded:1 Bounds:IsValid=true, Min=(X=925.984 Y=864.361 Z=23.514), Max=(X=1023.051 Y=1104.361 Z=183.583) RuntimeGrid:None EditorOnly:0 RuntimeOnly:0 HLODRelevant:0 ListedInSceneOutliner:1 IsMainWorldOnly:0
 |   |   |- Guid:8559D1384B14F466E8927697A36C1D78 BaseClass: NativeClass:/Script/Engine.StaticMeshActor Name:StaticMeshActor_9 Label:SM_Cube5 SpatiallyLoaded:1 Bounds:IsValid=true, Min=(X=-0.000 Y=100.000 Z=0.000), Max=(X=100.000 Y=3400.000 Z=400.000) RuntimeGrid:None EditorOnly:0 RuntimeOnly:0 HLODRelevant:1 ListedInSceneOutliner:1 IsMainWorldOnly:0 FolderPath:Playground FolderGuid:6C02BB504B69D1F3D7A624B130C18E5B
 |   |   |- Guid:90B7B8D3420C2EABA931D3A6A69DF696 BaseClass: NativeClass:/Script/Engine.StaticMeshActor Name:StaticMeshActor_3 Label:SM_Cube2 SpatiallyLoaded:1 Bounds:IsValid=true, Min=(X=0.000 Y=0.000 Z=0.000), Max=(X=3000.000 Y=100.000 Z=400.000) RuntimeGrid:None EditorOnly:0 RuntimeOnly:0 HLODRelevant:1 ListedInSceneOutliner:1 IsMainWorldOnly:0 FolderPath:Playground FolderGuid:6C02BB504B69D1F3D7A624B130C18E5B
 |   |   |- Guid:96964B554DAD91B9DBB333841CFBBB73 BaseClass:/Game/BLUEPRINTS/Interactables/BP_VHSTape.BP_VHSTape_C NativeClass:/Script/Engine.Actor Name:BP_VHSTape_C_UAID_00FF5D82FCEF015F02_1312070329 Label:BP_VHSTape7 SpatiallyLoaded:1 Bounds:IsValid=true, Min=(X=455.134 Y=871.515 Z=23.514), Max=(X=710.611 Y=1047.109 Z=183.583) RuntimeGrid:None EditorOnly:0 RuntimeOnly:0 HLODRelevant:0 ListedInSceneOutliner:1 IsMainWorldOnly:0
 |   |   |- Guid:9867EB35443244464EC53C83087DCBC2 BaseClass:/Game/MODELS/FirstPerson/Blueprints/BP_FirstPersonCharacter.BP_FirstPersonCharacter_C NativeClass:/Script/Engine.Character Name:BP_FirstPersonCharacter_C_UAID_00FF5D82FCEFE65E02_1259826239 Label:BP_FirstPersonCharacter SpatiallyLoaded:1 Bounds:IsValid=true, Min=(X=820.146 Y=830.146 Z=0.000), Max=(X=879.854 Y=914.559 Z=192.000) RuntimeGrid:None EditorOnly:0 RuntimeOnly:0 HLODRelevant:0 ListedInSceneOutliner:1 IsMainWorldOnly:0
 |   |   |- Guid:9AED7DAC4A7D1809A2E77288FE4B8974 BaseClass:/Game/BLUEPRINTS/Interactables/BP_VHSTape.BP_VHSTape_C NativeClass:/Script/Engine.Actor Name:BP_VHSTape_C_UAID_00FF5D82FCEF075F02_1678400750 Label:BP_VHSTape19 SpatiallyLoaded:1 Bounds:IsValid=true, Min=(X=925.984 Y=864.361 Z=87.241), Max=(X=1023.051 Y=1104.361 Z=247.310) RuntimeGrid:None EditorOnly:0 RuntimeOnly:0 HLODRelevant:0 ListedInSceneOutliner:1 IsMainWorldOnly:0
 |   |   |- Guid:B1E356C04D0CD1605DCFE9B7A83B3E98 BaseClass: NativeClass:/Script/Engine.StaticMeshActor Name:StaticMeshActor_5 Label:SM_Cube4 SpatiallyLoaded:1 Bounds:IsValid=true, Min=(X=1745.000 Y=600.000 Z=0.000), Max=(X=2345.000 Y=1100.000 Z=200.000) RuntimeGrid:None EditorOnly:0 RuntimeOnly:0 HLODRelevant:1 ListedInSceneOutliner:1 IsMainWorldOnly:0 FolderPath:Block01 FolderGuid:5710F1034B6DC7FBD588718E283EB93C
 |   |   |- Guid:B85E0D7D42E069FA899583ABDD51055A BaseClass: NativeClass:/Script/Engine.StaticMeshActor Name:StaticMeshActor_UAID_00FF5D82FCEFE85E02_1702741595 Label:SM_Cube9 SpatiallyLoaded:1 Bounds:IsValid=true, Min=(X=605.000 Y=600.000 Z=0.000), Max=(X=905.000 Y=700.000 Z=100.000) RuntimeGrid:None EditorOnly:0 RuntimeOnly:0 HLODRelevant:1 ListedInSceneOutliner:1 IsMainWorldOnly:0 FolderPath:Block01 FolderGuid:5710F1034B6DC7FBD588718E283EB93C
 |   |   |- Guid:B8FFDEC34D514EEDA915BEBEFBACF3CE BaseClass:/Game/BLUEPRINTS/Interactables/BP_VHSTape.BP_VHSTape_C NativeClass:/Script/Engine.Actor Name:BP_VHSTape_C_UAID_00FF5D82FCEF075F02_1664648745 Label:BP_VHSTape14 SpatiallyLoaded:1 Bounds:IsValid=true, Min=(X=925.984 Y=864.361 Z=58.099), Max=(X=1023.051 Y=1104.361 Z=218.168) RuntimeGrid:None EditorOnly:0 RuntimeOnly:0 HLODRelevant:0 ListedInSceneOutliner:1 IsMainWorldOnly:0
 |   |   |- Guid:BCB8062D4EEC85A237DBB1A116A01C87 BaseClass:/Game/BLUEPRINTS/Interactables/BP_VHSTape.BP_VHSTape_C NativeClass:/Script/Engine.Actor Name:BP_VHSTape_C_UAID_00FF5D82FCEF015F02_1314451330 Label:BP_VHSTape8 SpatiallyLoaded:1 Bounds:IsValid=true, Min=(X=459.089 Y=932.137 Z=34.577), Max=(X=713.555 Y=1117.168 Z=194.646) RuntimeGrid:None EditorOnly:0 RuntimeOnly:0 HLODRelevant:0 ListedInSceneOutliner:1 IsMainWorldOnly:0
 |   |   |- Guid:C078279245EE5FB98DB2CCBB82AEFEB9 BaseClass:/Game/BLUEPRINTS/Interactables/BP_DVD.BP_DVD_C NativeClass:/Script/Engine.Actor Name:BP_DVD_C_UAID_00FF5D82FCEF4F6302_1792099944 Label:BP_DVD4 SpatiallyLoaded:1 Bounds:IsValid=true, Min=(X=842.900 Y=588.251 Z=106.219), Max=(X=1021.294 Y=766.645 Z=130.219) RuntimeGrid:None EditorOnly:0 RuntimeOnly:0 HLODRelevant:0 ListedInSceneOutliner:1 IsMainWorldOnly:0
 |   |   |- Guid:C0C56B9644AE3D40CAFF6A878DB29844 BaseClass: NativeClass:/Script/Engine.StaticMeshActor Name:StaticMeshActor_UAID_A4AE111137DC5EFB00_2001720423 Label:SM_SkySphere SpatiallyLoaded:0 Bounds:IsValid=true, Min=(X=-1638400.000 Y=-1638400.000 Z=-1638400.000), Max=(X=1638400.000 Y=1638400.000 Z=1638400.000) RuntimeGrid:None EditorOnly:0 RuntimeOnly:0 HLODRelevant:1 ListedInSceneOutliner:1 IsMainWorldOnly:0 FolderPath:Lighting FolderGuid:0BA5F0A04EADB18E70D5B180D08FA34B
 |   |   |- Guid:C22CE07C4B87D685137FDBBC10FC92C6 BaseClass: NativeClass:/Script/Engine.SkyAtmosphere Name:SkyAtmosphere_0 Label:SkyAtmosphere SpatiallyLoaded:0 Bounds:IsValid=true, Min=(X=0.000 Y=0.000 Z=1020.000), Max=(X=0.000 Y=0.000 Z=1020.000) RuntimeGrid:None EditorOnly:0 RuntimeOnly:0 HLODRelevant:0 ListedInSceneOutliner:1 IsMainWorldOnly:0 FolderPath:Lighting FolderGuid:0BA5F0A04EADB18E70D5B180D08FA34B
 |   |   |- Guid:C97CB2904D9213C9A09DA68A0814BA23 BaseClass:/Game/BLUEPRINTS/Interactables/BP_VHSTape.BP_VHSTape_C NativeClass:/Script/Engine.Actor Name:BP_VHSTape_C_UAID_00FF5D82FCEF075F02_1656269742 Label:BP_VHSTape11 SpatiallyLoaded:1 Bounds:IsValid=true, Min=(X=925.984 Y=864.361 Z=40.818), Max=(X=1023.051 Y=1104.361 Z=200.887) RuntimeGrid:None EditorOnly:0 RuntimeOnly:0 HLODRelevant:0 ListedInSceneOutliner:1 IsMainWorldOnly:0
 |   |   |- Guid:CD1FBEDF438D7F9861182BA6116FCFBB BaseClass:/Game/BLUEPRINTS/Interactables/BP_VHSTape.BP_VHSTape_C NativeClass:/Script/Engine.Actor Name:BP_VHSTape_C_UAID_00FF5D82FCEF015F02_1307201328 Label:BP_VHSTape6 SpatiallyLoaded:1 Bounds:IsValid=true, Min=(X=518.189 Y=818.505 Z=23.514), Max=(X=687.468 Y=1074.267 Z=183.583) RuntimeGrid:None EditorOnly:0 RuntimeOnly:0 HLODRelevant:0 ListedInSceneOutliner:1 IsMainWorldOnly:0
 |   |   |- Guid:CE8D82634660FCDB3120E2B8D547C533 BaseClass: NativeClass:/Script/Engine.PostProcessVolume Name:PostProcessVolume_0 Label:PostProcessVolume SpatiallyLoaded:0 Bounds:IsValid=true, Min=(X=0.000 Y=0.000 Z=400.000), Max=(X=200.000 Y=200.000 Z=600.000) RuntimeGrid:None EditorOnly:0 RuntimeOnly:0 HLODRelevant:0 ListedInSceneOutliner:1 IsMainWorldOnly:0 FolderPath:Lighting FolderGuid:0BA5F0A04EADB18E70D5B180D08FA34B
 |   |   |- Guid:D5CF659A4545C228CBA6809D8B57D61C BaseClass:/Game/BLUEPRINTS/Interactables/BP_VHSTape.BP_VHSTape_C NativeClass:/Script/Engine.Actor Name:BP_VHSTape_C_UAID_00FF5D82FCEF075F02_1664649746 Label:BP_VHSTape15 SpatiallyLoaded:1 Bounds:IsValid=true, Min=(X=925.984 Y=864.361 Z=63.881), Max=(X=1023.051 Y=1104.361 Z=223.950) RuntimeGrid:None EditorOnly:0 RuntimeOnly:0 HLODRelevant:0 ListedInSceneOutliner:1 IsMainWorldOnly:0
 |   |   |- Guid:E01043E74ADB5F7F74F07DA8743F690A BaseClass: NativeClass:/Script/Engine.StaticMeshActor Name:StaticMeshActor_UAID_00FF5D82FCEFE85E02_1708487596 Label:SM_Cube10 SpatiallyLoaded:1 Bounds:IsValid=true, Min=(X=605.000 Y=1000.000 Z=0.000), Max=(X=705.000 Y=1100.000 Z=100.000) RuntimeGrid:None EditorOnly:0 RuntimeOnly:0 HLODRelevant:1 ListedInSceneOutliner:1 IsMainWorldOnly:0 FolderPath:Block01 FolderGuid:5710F1034B6DC7FBD588718E283EB93C
 |   |   |- Guid:E5320C1B4FD9764CE7B54D8487AEC613 BaseClass: NativeClass:/Script/Engine.SkyLight Name:SkyLight_0 Label:SkyLight SpatiallyLoaded:0 Bounds:IsValid=true, Min=(X=0.000 Y=0.000 Z=690.000), Max=(X=0.000 Y=0.000 Z=690.000) RuntimeGrid:None EditorOnly:0 RuntimeOnly:0 HLODRelevant:0 ListedInSceneOutliner:1 IsMainWorldOnly:0 FolderPath:Lighting FolderGuid:0BA5F0A04EADB18E70D5B180D08FA34B
 |   |   |- Guid:E8D0C73E4B0AF2F3A394DF89686858B0 BaseClass:/Game/BLUEPRINTS/Interactables/BP_VHSTape.BP_VHSTape_C NativeClass:/Script/Engine.Actor Name:BP_VHSTape_C_UAID_00FF5D82FCEFEB5E02_1493399129 Label:BP_VHSTape3 SpatiallyLoaded:1 Bounds:IsValid=true, Min=(X=925.984 Y=815.662 Z=23.514), Max=(X=1023.051 Y=1055.662 Z=183.583) RuntimeGrid:None EditorOnly:0 RuntimeOnly:0 HLODRelevant:0 ListedInSceneOutliner:1 IsMainWorldOnly:0
 |   |   |- Guid:EF1E15D043EF62619AB00E9ED32C797C BaseClass:/Game/BLUEPRINTS/Interactables/BP_VHSTape.BP_VHSTape_C NativeClass:/Script/Engine.Actor Name:BP_VHSTape_C_UAID_00FF5D82FCEF075F02_1664652748 Label:BP_VHSTape17 SpatiallyLoaded:1 Bounds:IsValid=true, Min=(X=925.984 Y=864.361 Z=75.369), Max=(X=1023.051 Y=1104.361 Z=235.438) RuntimeGrid:None EditorOnly:0 RuntimeOnly:0 HLODRelevant:0 ListedInSceneOutliner:1 IsMainWorldOnly:0
 |   |   |- Guid:F07F1AF64C7C7C238EE1B4BF8C122DD8 BaseClass: NativeClass:/Script/Engine.StaticMeshActor Name:StaticMeshActor_4 Label:SM_Cube3 SpatiallyLoaded:1 Bounds:IsValid=true, Min=(X=0.000 Y=3400.000 Z=0.000), Max=(X=3000.000 Y=3500.000 Z=400.000) RuntimeGrid:None EditorOnly:0 RuntimeOnly:0 HLODRelevant:1 ListedInSceneOutliner:1 IsMainWorldOnly:0 FolderPath:Playground FolderGuid:6C02BB504B69D1F3D7A624B130C18E5B
 |   |   |- Guid:F3A239884AD12CA7F3FD67AE1A2A49B9 BaseClass:/Game/BLUEPRINTS/Interactables/BP_VHSTape.BP_VHSTape_C NativeClass:/Script/Engine.Actor Name:BP_VHSTape_C_UAID_00FF5D82FCEFEB5E02_1494307130 Label:BP_VHSTape4 SpatiallyLoaded:1 Bounds:IsValid=true, Min=(X=925.984 Y=786.289 Z=23.514), Max=(X=1023.051 Y=1026.289 Z=183.583) RuntimeGrid:None EditorOnly:0 RuntimeOnly:0 HLODRelevant:0 ListedInSceneOutliner:1 IsMainWorldOnly:0
 |   |   |- Guid:F431EB84447E93C949455295BC27EC42 BaseClass: NativeClass:/Script/Engine.StaticMeshActor Name:StaticMeshActor_UAID_00FF5D82FCEFE85E02_1595591593 Label:SM_Cube7 SpatiallyLoaded:1 Bounds:IsValid=true, Min=(X=895.000 Y=600.000 Z=0.000), Max=(X=995.000 Y=1100.000 Z=100.000) RuntimeGrid:None EditorOnly:0 RuntimeOnly:0 HLODRelevant:1 ListedInSceneOutliner:1 IsMainWorldOnly:0 FolderPath:Block01 FolderGuid:5710F1034B6DC7FBD588718E283EB93C
 |   |   |- Guid:F80621C9446867154938FE81375207DA BaseClass: NativeClass:/Script/Engine.DirectionalLight Name:DirectionalLight_1 Label:DirectionalLight SpatiallyLoaded:0 Bounds:IsValid=true, Min=(X=-4398046511104.000 Y=-4398046511104.000 Z=-4398046511104.000), Max=(X=4398046511104.000 Y=4398046511104.000 Z=4398046511104.000) RuntimeGrid:None EditorOnly:0 RuntimeOnly:0 HLODRelevant:0 ListedInSceneOutliner:1 IsMainWorldOnly:0 FolderPath:Lighting FolderGuid:0BA5F0A04EADB18E70D5B180D08FA34B
 |   |   |- Guid:F8958F59435B7FE625A4D9B2D14CA085 BaseClass:/Game/BLUEPRINTS/Interactables/BP_VHSTape.BP_VHSTape_C NativeClass:/Script/Engine.Actor Name:BP_VHSTape_C_UAID_00FF5D82FCEF075F02_1659741743 Label:BP_VHSTape12 SpatiallyLoaded:1 Bounds:IsValid=true, Min=(X=925.984 Y=864.361 Z=46.571), Max=(X=1023.051 Y=1104.361 Z=206.640) RuntimeGrid:None EditorOnly:0 RuntimeOnly:0 HLODRelevant:0 ListedInSceneOutliner:1 IsMainWorldOnly:0
 |   |   |- Guid:FC59993C471F9A0FD7BD52845154002E BaseClass:/Game/BLUEPRINTS/Interactables/BP_VHSTape.BP_VHSTape_C NativeClass:/Script/Engine.Actor Name:BP_VHSTape_C_UAID_00FF5D82FCEF075F02_1664646744 Label:BP_VHSTape13 SpatiallyLoaded:1 Bounds:IsValid=true, Min=(X=925.984 Y=864.361 Z=52.312), Max=(X=1023.051 Y=1104.361 Z=212.382) RuntimeGrid:None EditorOnly:0 RuntimeOnly:0 HLODRelevant:0 ListedInSceneOutliner:1 IsMainWorldOnly:0
 |   |- [+] Clusters:
 |   |   |- [+] [  0]
 |   |   |   |- Guid:012352F2476C51A5F00B02B3876DB6D3 BaseClass:/Game/BLUEPRINTS/Interactables/BP_VHSTape.BP_VHSTape_C NativeClass:/Script/Engine.Actor Name:BP_VHSTape_C_UAID_00FF5D82FCEF075F02_1678403753 Label:BP_VHSTape22 SpatiallyLoaded:1 Bounds:IsValid=true, Min=(X=925.984 Y=864.361 Z=104.510), Max=(X=1023.051 Y=1104.361 Z=264.580) RuntimeGrid:None EditorOnly:0 RuntimeOnly:0 HLODRelevant:0 ListedInSceneOutliner:1 IsMainWorldOnly:0
 |   |   |- [+] [  1]
 |   |   |   |- Guid:0EDB289B45CB7E0977A6DBA74201EE76 BaseClass: NativeClass:/Script/Engine.StaticMeshActor Name:StaticMeshActor_10 Label:SM_Cube6 SpatiallyLoaded:1 Bounds:IsValid=true, Min=(X=2900.000 Y=100.000 Z=0.000), Max=(X=3000.000 Y=3400.000 Z=400.000) RuntimeGrid:None EditorOnly:0 RuntimeOnly:0 HLODRelevant:1 ListedInSceneOutliner:1 IsMainWorldOnly:0 FolderPath:Playground FolderGuid:6C02BB504B69D1F3D7A624B130C18E5B
 |   |   |- [+] [  2]
 |   |   |   |- Guid:0FFAB7484C2DB8FEDAD66E8ACF3AC729 BaseClass:/Game/BLUEPRINTS/Interactables/BP_DVD_Station.BP_DVD_Station_C NativeClass:/Script/Engine.Pawn Name:BP_DVD_Station_C_UAID_00FF5D82FCEFFD5F02_1997093345 Label:BP_DVD_Station SpatiallyLoaded:1 Bounds:IsValid=true, Min=(X=677.848 Y=573.028 Z=-2.000), Max=(X=837.294 Y=768.337 Z=306.331) RuntimeGrid:None EditorOnly:0 RuntimeOnly:0 HLODRelevant:0 ListedInSceneOutliner:1 IsMainWorldOnly:0
 |   |   |   |- Guid:22D562314CB45B2E3649F38097C4B004 BaseClass:/Game/BLUEPRINTS/BP_DVDTray.BP_DVDTray_C NativeClass:/Script/Engine.Actor Name:BP_DVDTray_C_UAID_00FF5D82FCEF506302_1144611121 Label:BP_DVDTray SpatiallyLoaded:1 Bounds:IsValid=true, Min=(X=839.093 Y=610.863 Z=85.677), Max=(X=903.048 Y=690.678 Z=127.870) RuntimeGrid:None EditorOnly:0 RuntimeOnly:0 HLODRelevant:0 ListedInSceneOutliner:1 IsMainWorldOnly:0
 |   |   |- [+] [  3]
 |   |   |   |- Guid:189DC8B243DB7A7515D39D87FF571A4B BaseClass:/Game/BLUEPRINTS/Interactables/BP_VHSTape.BP_VHSTape_C NativeClass:/Script/Engine.Actor Name:BP_VHSTape_C_UAID_00FF5D82FCEF075F02_1654168741 Label:BP_VHSTape10 SpatiallyLoaded:1 Bounds:IsValid=true, Min=(X=925.984 Y=864.361 Z=35.082), Max=(X=1023.051 Y=1104.361 Z=195.151) RuntimeGrid:None EditorOnly:0 RuntimeOnly:0 HLODRelevant:0 ListedInSceneOutliner:1 IsMainWorldOnly:0
 |   |   |- [+] [  4]
 |   |   |   |- Guid:19EC0B934C2E6E773D21D8B19018CFEB BaseClass:/Game/BLUEPRINTS/Interactables/BP_VHSTape.BP_VHSTape_C NativeClass:/Script/Engine.Actor Name:BP_VHSTape_C_UAID_00FF5D82FCEF075F02_1678398749 Label:BP_VHSTape18 SpatiallyLoaded:1 Bounds:IsValid=true, Min=(X=925.984 Y=864.361 Z=81.454), Max=(X=1023.051 Y=1104.361 Z=241.523) RuntimeGrid:None EditorOnly:0 RuntimeOnly:0 HLODRelevant:0 ListedInSceneOutliner:1 IsMainWorldOnly:0
 |   |   |- [+] [  5]
 |   |   |   |- Guid:1A643458444B2B4A2012129536E7B268 BaseClass:/Game/MODELS/DVD/BP_DVDDirt.BP_DVDDirt_C NativeClass:/Script/Engine.Actor Name:BP_DVDDirt_C_UAID_00FF5D82FCEF166402_1132294249 Label:BP_DVDDirt2 SpatiallyLoaded:1 Bounds:IsValid=true, Min=(X=819.518 Y=690.006 Z=99.904), Max=(X=822.398 Y=692.886 Z=100.096) RuntimeGrid:None EditorOnly:0 RuntimeOnly:0 HLODRelevant:0 ListedInSceneOutliner:1 IsMainWorldOnly:0
 |   |   |- [+] [  6]
 |   |   |   |- Guid:21262252453B37957EF29F82ABA2413B BaseClass: NativeClass:/Script/Engine.TextRenderActor Name:TextRenderActor_1 Label:TextRenderActor SpatiallyLoaded:1 Bounds:IsValid=true, Min=(X=-0.100 Y=1100.000 Z=65.013), Max=(X=-0.100 Y=2363.461 Z=215.013) RuntimeGrid:None EditorOnly:0 RuntimeOnly:0 HLODRelevant:0 ListedInSceneOutliner:1 IsMainWorldOnly:0
 |   |   |- [+] [  7]
 |   |   |   |- Guid:319A0E7147B57FD83FAE7D91B325EC43 BaseClass:/Game/BLUEPRINTS/Interactables/BP_VHSTape.BP_VHSTape_C NativeClass:/Script/Engine.Actor Name:BP_VHSTape_C_UAID_00FF5D82FCEF075F02_1678402752 Label:BP_VHSTape21 SpatiallyLoaded:1 Bounds:IsValid=true, Min=(X=925.984 Y=864.361 Z=98.758), Max=(X=1023.051 Y=1104.361 Z=258.827) RuntimeGrid:None EditorOnly:0 RuntimeOnly:0 HLODRelevant:0 ListedInSceneOutliner:1 IsMainWorldOnly:0
 |   |   |- [+] [  8]
 |   |   |   |- Guid:32C3295341399E6E060949BB8DE0F851 BaseClass:/Game/BLUEPRINTS/Interactables/BP_VHSTape.BP_VHSTape_C NativeClass:/Script/Engine.Actor Name:BP_VHSTape_C_UAID_00FF5D82FCEFED5E02_1664071471 Label:BP_VHSTape5 SpatiallyLoaded:1 Bounds:IsValid=true, Min=(X=443.138 Y=827.032 Z=23.514), Max=(X=683.138 Y=924.100 Z=183.583) RuntimeGrid:None EditorOnly:0 RuntimeOnly:0 HLODRelevant:0 ListedInSceneOutliner:1 IsMainWorldOnly:0
 |   |   |- [+] [  9]
 |   |   |   |- Guid:395348B24FF9FEAF622AFA9079E4D2A5 BaseClass:/Game/BLUEPRINTS/Interactables/BP_VHSTape.BP_VHSTape_C NativeClass:/Script/Engine.Actor Name:BP_VHSTape_C_UAID_00FF5D82FCEFEB5E02_1491278127 Label:BP_VHSTape SpatiallyLoaded:1 Bounds:IsValid=true, Min=(X=925.984 Y=839.324 Z=23.514), Max=(X=1023.051 Y=1079.324 Z=183.583) RuntimeGrid:None EditorOnly:0 RuntimeOnly:0 HLODRelevant:0 ListedInSceneOutliner:1 IsMainWorldOnly:0
 |   |   |- [+] [ 10]
 |   |   |   |- Guid:476A8BA34B961AA577C96896B742363C BaseClass: NativeClass:/Script/Engine.StaticMeshActor Name:StaticMeshActor_UAID_00FF5D82FCEFE85E02_1713426597 Label:SM_Cube11 SpatiallyLoaded:1 Bounds:IsValid=true, Min=(X=795.000 Y=1000.000 Z=0.000), Max=(X=895.000 Y=1100.000 Z=100.000) RuntimeGrid:None EditorOnly:0 RuntimeOnly:0 HLODRelevant:1 ListedInSceneOutliner:1 IsMainWorldOnly:0 FolderPath:Block01 FolderGuid:5710F1034B6DC7FBD588718E283EB93C
 |   |   |- [+] [ 11]
 |   |   |   |- Guid:4D5B3BD04169BDA4ECE8AAB6F911EA4B BaseClass:/Game/BLUEPRINTS/Interactables/BP_RewindMachine.BP_RewindMachine_C NativeClass:/Script/Engine.Pawn Name:BP_RewindMachine_C_UAID_00FF5D82FCEFEA5E02_1300884950 Label:BP_RewindMachine SpatiallyLoaded:1 Bounds:IsValid=true, Min=(X=334.754 Y=776.249 Z=45.579), Max=(X=594.343 Y=936.249 Z=205.579) RuntimeGrid:None EditorOnly:0 RuntimeOnly:0 HLODRelevant:0 ListedInSceneOutliner:1 IsMainWorldOnly:0
 |   |   |- [+] [ 12]
 |   |   |   |- Guid:59093BCF4662DB636E97739A45130133 BaseClass:/Game/BLUEPRINTS/Interactables/BP_VHSTape.BP_VHSTape_C NativeClass:/Script/Engine.Actor Name:BP_VHSTape_C_UAID_00FF5D82FCEF075F02_1678401751 Label:BP_VHSTape20 SpatiallyLoaded:1 Bounds:IsValid=true, Min=(X=925.984 Y=864.361 Z=93.022), Max=(X=1023.051 Y=1104.361 Z=253.091) RuntimeGrid:None EditorOnly:0 RuntimeOnly:0 HLODRelevant:0 ListedInSceneOutliner:1 IsMainWorldOnly:0
 |   |   |- [+] [ 13]
 |   |   |   |- Guid:5F05E46345B2FA84F309A4A5B416DD7B BaseClass:/Game/BLUEPRINTS/Interactables/BP_VHSTape.BP_VHSTape_C NativeClass:/Script/Engine.Actor Name:BP_VHSTape_C_UAID_00FF5D82FCEF075F02_1664650747 Label:BP_VHSTape16 SpatiallyLoaded:1 Bounds:IsValid=true, Min=(X=925.984 Y=864.361 Z=69.617), Max=(X=1023.051 Y=1104.361 Z=229.686) RuntimeGrid:None EditorOnly:0 RuntimeOnly:0 HLODRelevant:0 ListedInSceneOutliner:1 IsMainWorldOnly:0
 |   |   |- [+] [ 14]
 |   |   |   |- Guid:5FE7584649BB6F09265329A6C57CFD0D BaseClass: NativeClass:/Script/Engine.VolumetricCloud Name:VolumetricCloud_0 Label:VolumetricCloud SpatiallyLoaded:0 Bounds:IsValid=true, Min=(X=0.000 Y=0.000 Z=820.000), Max=(X=0.000 Y=0.000 Z=820.000) RuntimeGrid:None EditorOnly:0 RuntimeOnly:0 HLODRelevant:0 ListedInSceneOutliner:1 IsMainWorldOnly:0 FolderPath:Lighting FolderGuid:0BA5F0A04EADB18E70D5B180D08FA34B
 |   |   |- [+] [ 15]
 |   |   |   |- Guid:61391D344900612A77DFC3BA3E354907 BaseClass: NativeClass:/Script/Engine.ExponentialHeightFog Name:ExponentialHeightFog_0 Label:ExponentialHeightFog SpatiallyLoaded:0 Bounds:IsValid=true, Min=(X=-5600.000 Y=-50.000 Z=-6850.000), Max=(X=-5600.000 Y=-50.000 Z=-6850.000) RuntimeGrid:None EditorOnly:0 RuntimeOnly:0 HLODRelevant:0 ListedInSceneOutliner:1 IsMainWorldOnly:0 FolderPath:Lighting FolderGuid:0BA5F0A04EADB18E70D5B180D08FA34B
 |   |   |- [+] [ 16]
 |   |   |   |- Guid:6FEFB3BD4EB37B849EF0D4AC80F83855 BaseClass: NativeClass:/Script/Engine.WorldDataLayers Name:WorldDataLayers Label:WorldDataLayers SpatiallyLoaded:0 Bounds:Invalid RuntimeGrid:None EditorOnly:0 RuntimeOnly:0 HLODRelevant:0 ListedInSceneOutliner:1 IsMainWorldOnly:1
 |   |   |- [+] [ 17]
 |   |   |   |- Guid:78CAF7514C7533F30BD2F19A017AAB65 BaseClass: NativeClass:/Script/Engine.StaticMeshActor Name:StaticMeshActor_0 Label:SM_Cube SpatiallyLoaded:1 Bounds:IsValid=true, Min=(X=0.000 Y=0.000 Z=-50.000), Max=(X=3000.000 Y=3500.000 Z=0.000) RuntimeGrid:None EditorOnly:0 RuntimeOnly:0 HLODRelevant:1 ListedInSceneOutliner:1 IsMainWorldOnly:0 FolderPath:Playground FolderGuid:6C02BB504B69D1F3D7A624B130C18E5B
 |   |   |- [+] [ 18]
 |   |   |   |- Guid:7A1B0EF144E153F7AC9D469FDDC7C3C5 BaseClass: NativeClass:/Script/Engine.StaticMeshActor Name:StaticMeshActor_UAID_00FF5D82FCEFE85E02_1698425594 Label:SM_Cube8 SpatiallyLoaded:1 Bounds:IsValid=true, Min=(X=505.000 Y=600.000 Z=0.000), Max=(X=605.000 Y=1100.000 Z=100.000) RuntimeGrid:None EditorOnly:0 RuntimeOnly:0 HLODRelevant:1 ListedInSceneOutliner:1 IsMainWorldOnly:0 FolderPath:Block01 FolderGuid:5710F1034B6DC7FBD588718E283EB93C
 |   |   |- [+] [ 19]
 |   |   |   |- Guid:7DD69AB34C04098B68E84DB260726E68 BaseClass:/Game/BLUEPRINTS/Interactables/BP_VHSTape.BP_VHSTape_C NativeClass:/Script/Engine.Actor Name:BP_VHSTape_C_UAID_00FF5D82FCEF075F02_1649407740 Label:BP_VHSTape9 SpatiallyLoaded:1 Bounds:IsValid=true, Min=(X=925.984 Y=864.361 Z=29.301), Max=(X=1023.051 Y=1104.361 Z=189.370) RuntimeGrid:None EditorOnly:0 RuntimeOnly:0 HLODRelevant:0 ListedInSceneOutliner:1 IsMainWorldOnly:0
 |   |   |- [+] [ 20]
 |   |   |   |- Guid:812170BC407368D251E826B317CB12E4 BaseClass:/Game/BLUEPRINTS/Interactables/BP_VHSTape.BP_VHSTape_C NativeClass:/Script/Engine.Actor Name:BP_VHSTape_C_UAID_00FF5D82FCEFEB5E02_1492629128 Label:BP_VHSTape2 SpatiallyLoaded:1 Bounds:IsValid=true, Min=(X=925.984 Y=864.361 Z=23.514), Max=(X=1023.051 Y=1104.361 Z=183.583) RuntimeGrid:None EditorOnly:0 RuntimeOnly:0 HLODRelevant:0 ListedInSceneOutliner:1 IsMainWorldOnly:0
 |   |   |- [+] [ 21]
 |   |   |   |- Guid:8559D1384B14F466E8927697A36C1D78 BaseClass: NativeClass:/Script/Engine.StaticMeshActor Name:StaticMeshActor_9 Label:SM_Cube5 SpatiallyLoaded:1 Bounds:IsValid=true, Min=(X=-0.000 Y=100.000 Z=0.000), Max=(X=100.000 Y=3400.000 Z=400.000) RuntimeGrid:None EditorOnly:0 RuntimeOnly:0 HLODRelevant:1 ListedInSceneOutliner:1 IsMainWorldOnly:0 FolderPath:Playground FolderGuid:6C02BB504B69D1F3D7A624B130C18E5B
 |   |   |- [+] [ 22]
 |   |   |   |- Guid:90B7B8D3420C2EABA931D3A6A69DF696 BaseClass: NativeClass:/Script/Engine.StaticMeshActor Name:StaticMeshActor_3 Label:SM_Cube2 SpatiallyLoaded:1 Bounds:IsValid=true, Min=(X=0.000 Y=0.000 Z=0.000), Max=(X=3000.000 Y=100.000 Z=400.000) RuntimeGrid:None EditorOnly:0 RuntimeOnly:0 HLODRelevant:1 ListedInSceneOutliner:1 IsMainWorldOnly:0 FolderPath:Playground FolderGuid:6C02BB504B69D1F3D7A624B130C18E5B
 |   |   |- [+] [ 23]
 |   |   |   |- Guid:96964B554DAD91B9DBB333841CFBBB73 BaseClass:/Game/BLUEPRINTS/Interactables/BP_VHSTape.BP_VHSTape_C NativeClass:/Script/Engine.Actor Name:BP_VHSTape_C_UAID_00FF5D82FCEF015F02_1312070329 Label:BP_VHSTape7 SpatiallyLoaded:1 Bounds:IsValid=true, Min=(X=455.134 Y=871.515 Z=23.514), Max=(X=710.611 Y=1047.109 Z=183.583) RuntimeGrid:None EditorOnly:0 RuntimeOnly:0 HLODRelevant:0 ListedInSceneOutliner:1 IsMainWorldOnly:0
 |   |   |- [+] [ 24]
 |   |   |   |- Guid:9867EB35443244464EC53C83087DCBC2 BaseClass:/Game/MODELS/FirstPerson/Blueprints/BP_FirstPersonCharacter.BP_FirstPersonCharacter_C NativeClass:/Script/Engine.Character Name:BP_FirstPersonCharacter_C_UAID_00FF5D82FCEFE65E02_1259826239 Label:BP_FirstPersonCharacter SpatiallyLoaded:1 Bounds:IsValid=true, Min=(X=820.146 Y=830.146 Z=0.000), Max=(X=879.854 Y=914.559 Z=192.000) RuntimeGrid:None EditorOnly:0 RuntimeOnly:0 HLODRelevant:0 ListedInSceneOutliner:1 IsMainWorldOnly:0
 |   |   |- [+] [ 25]
 |   |   |   |- Guid:9AED7DAC4A7D1809A2E77288FE4B8974 BaseClass:/Game/BLUEPRINTS/Interactables/BP_VHSTape.BP_VHSTape_C NativeClass:/Script/Engine.Actor Name:BP_VHSTape_C_UAID_00FF5D82FCEF075F02_1678400750 Label:BP_VHSTape19 SpatiallyLoaded:1 Bounds:IsValid=true, Min=(X=925.984 Y=864.361 Z=87.241), Max=(X=1023.051 Y=1104.361 Z=247.310) RuntimeGrid:None EditorOnly:0 RuntimeOnly:0 HLODRelevant:0 ListedInSceneOutliner:1 IsMainWorldOnly:0
 |   |   |- [+] [ 26]
 |   |   |   |- Guid:B1E356C04D0CD1605DCFE9B7A83B3E98 BaseClass: NativeClass:/Script/Engine.StaticMeshActor Name:StaticMeshActor_5 Label:SM_Cube4 SpatiallyLoaded:1 Bounds:IsValid=true, Min=(X=1745.000 Y=600.000 Z=0.000), Max=(X=2345.000 Y=1100.000 Z=200.000) RuntimeGrid:None EditorOnly:0 RuntimeOnly:0 HLODRelevant:1 ListedInSceneOutliner:1 IsMainWorldOnly:0 FolderPath:Block01 FolderGuid:5710F1034B6DC7FBD588718E283EB93C
 |   |   |- [+] [ 27]
 |   |   |   |- Guid:B85E0D7D42E069FA899583ABDD51055A BaseClass: NativeClass:/Script/Engine.StaticMeshActor Name:StaticMeshActor_UAID_00FF5D82FCEFE85E02_1702741595 Label:SM_Cube9 SpatiallyLoaded:1 Bounds:IsValid=true, Min=(X=605.000 Y=600.000 Z=0.000), Max=(X=905.000 Y=700.000 Z=100.000) RuntimeGrid:None EditorOnly:0 RuntimeOnly:0 HLODRelevant:1 ListedInSceneOutliner:1 IsMainWorldOnly:0 FolderPath:Block01 FolderGuid:5710F1034B6DC7FBD588718E283EB93C
 |   |   |- [+] [ 28]
 |   |   |   |- Guid:B8FFDEC34D514EEDA915BEBEFBACF3CE BaseClass:/Game/BLUEPRINTS/Interactables/BP_VHSTape.BP_VHSTape_C NativeClass:/Script/Engine.Actor Name:BP_VHSTape_C_UAID_00FF5D82FCEF075F02_1664648745 Label:BP_VHSTape14 SpatiallyLoaded:1 Bounds:IsValid=true, Min=(X=925.984 Y=864.361 Z=58.099), Max=(X=1023.051 Y=1104.361 Z=218.168) RuntimeGrid:None EditorOnly:0 RuntimeOnly:0 HLODRelevant:0 ListedInSceneOutliner:1 IsMainWorldOnly:0
 |   |   |- [+] [ 29]
 |   |   |   |- Guid:BCB8062D4EEC85A237DBB1A116A01C87 BaseClass:/Game/BLUEPRINTS/Interactables/BP_VHSTape.BP_VHSTape_C NativeClass:/Script/Engine.Actor Name:BP_VHSTape_C_UAID_00FF5D82FCEF015F02_1314451330 Label:BP_VHSTape8 SpatiallyLoaded:1 Bounds:IsValid=true, Min=(X=459.089 Y=932.137 Z=34.577), Max=(X=713.555 Y=1117.168 Z=194.646) RuntimeGrid:None EditorOnly:0 RuntimeOnly:0 HLODRelevant:0 ListedInSceneOutliner:1 IsMainWorldOnly:0
 |   |   |- [+] [ 30]
 |   |   |   |- Guid:C078279245EE5FB98DB2CCBB82AEFEB9 BaseClass:/Game/BLUEPRINTS/Interactables/BP_DVD.BP_DVD_C NativeClass:/Script/Engine.Actor Name:BP_DVD_C_UAID_00FF5D82FCEF4F6302_1792099944 Label:BP_DVD4 SpatiallyLoaded:1 Bounds:IsValid=true, Min=(X=842.900 Y=588.251 Z=106.219), Max=(X=1021.294 Y=766.645 Z=130.219) RuntimeGrid:None EditorOnly:0 RuntimeOnly:0 HLODRelevant:0 ListedInSceneOutliner:1 IsMainWorldOnly:0
 |   |   |- [+] [ 31]
 |   |   |   |- Guid:C0C56B9644AE3D40CAFF6A878DB29844 BaseClass: NativeClass:/Script/Engine.StaticMeshActor Name:StaticMeshActor_UAID_A4AE111137DC5EFB00_2001720423 Label:SM_SkySphere SpatiallyLoaded:0 Bounds:IsValid=true, Min=(X=-1638400.000 Y=-1638400.000 Z=-1638400.000), Max=(X=1638400.000 Y=1638400.000 Z=1638400.000) RuntimeGrid:None EditorOnly:0 RuntimeOnly:0 HLODRelevant:1 ListedInSceneOutliner:1 IsMainWorldOnly:0 FolderPath:Lighting FolderGuid:0BA5F0A04EADB18E70D5B180D08FA34B
 |   |   |- [+] [ 32]
 |   |   |   |- Guid:C22CE07C4B87D685137FDBBC10FC92C6 BaseClass: NativeClass:/Script/Engine.SkyAtmosphere Name:SkyAtmosphere_0 Label:SkyAtmosphere SpatiallyLoaded:0 Bounds:IsValid=true, Min=(X=0.000 Y=0.000 Z=1020.000), Max=(X=0.000 Y=0.000 Z=1020.000) RuntimeGrid:None EditorOnly:0 RuntimeOnly:0 HLODRelevant:0 ListedInSceneOutliner:1 IsMainWorldOnly:0 FolderPath:Lighting FolderGuid:0BA5F0A04EADB18E70D5B180D08FA34B
 |   |   |- [+] [ 33]
 |   |   |   |- Guid:C97CB2904D9213C9A09DA68A0814BA23 BaseClass:/Game/BLUEPRINTS/Interactables/BP_VHSTape.BP_VHSTape_C NativeClass:/Script/Engine.Actor Name:BP_VHSTape_C_UAID_00FF5D82FCEF075F02_1656269742 Label:BP_VHSTape11 SpatiallyLoaded:1 Bounds:IsValid=true, Min=(X=925.984 Y=864.361 Z=40.818), Max=(X=1023.051 Y=1104.361 Z=200.887) RuntimeGrid:None EditorOnly:0 RuntimeOnly:0 HLODRelevant:0 ListedInSceneOutliner:1 IsMainWorldOnly:0
 |   |   |- [+] [ 34]
 |   |   |   |- Guid:CD1FBEDF438D7F9861182BA6116FCFBB BaseClass:/Game/BLUEPRINTS/Interactables/BP_VHSTape.BP_VHSTape_C NativeClass:/Script/Engine.Actor Name:BP_VHSTape_C_UAID_00FF5D82FCEF015F02_1307201328 Label:BP_VHSTape6 SpatiallyLoaded:1 Bounds:IsValid=true, Min=(X=518.189 Y=818.505 Z=23.514), Max=(X=687.468 Y=1074.267 Z=183.583) RuntimeGrid:None EditorOnly:0 RuntimeOnly:0 HLODRelevant:0 ListedInSceneOutliner:1 IsMainWorldOnly:0
 |   |   |- [+] [ 35]
 |   |   |   |- Guid:CE8D82634660FCDB3120E2B8D547C533 BaseClass: NativeClass:/Script/Engine.PostProcessVolume Name:PostProcessVolume_0 Label:PostProcessVolume SpatiallyLoaded:0 Bounds:IsValid=true, Min=(X=0.000 Y=0.000 Z=400.000), Max=(X=200.000 Y=200.000 Z=600.000) RuntimeGrid:None EditorOnly:0 RuntimeOnly:0 HLODRelevant:0 ListedInSceneOutliner:1 IsMainWorldOnly:0 FolderPath:Lighting FolderGuid:0BA5F0A04EADB18E70D5B180D08FA34B
 |   |   |- [+] [ 36]
 |   |   |   |- Guid:D5CF659A4545C228CBA6809D8B57D61C BaseClass:/Game/BLUEPRINTS/Interactables/BP_VHSTape.BP_VHSTape_C NativeClass:/Script/Engine.Actor Name:BP_VHSTape_C_UAID_00FF5D82FCEF075F02_1664649746 Label:BP_VHSTape15 SpatiallyLoaded:1 Bounds:IsValid=true, Min=(X=925.984 Y=864.361 Z=63.881), Max=(X=1023.051 Y=1104.361 Z=223.950) RuntimeGrid:None EditorOnly:0 RuntimeOnly:0 HLODRelevant:0 ListedInSceneOutliner:1 IsMainWorldOnly:0
 |   |   |- [+] [ 37]
 |   |   |   |- Guid:E01043E74ADB5F7F74F07DA8743F690A BaseClass: NativeClass:/Script/Engine.StaticMeshActor Name:StaticMeshActor_UAID_00FF5D82FCEFE85E02_1708487596 Label:SM_Cube10 SpatiallyLoaded:1 Bounds:IsValid=true, Min=(X=605.000 Y=1000.000 Z=0.000), Max=(X=705.000 Y=1100.000 Z=100.000) RuntimeGrid:None EditorOnly:0 RuntimeOnly:0 HLODRelevant:1 ListedInSceneOutliner:1 IsMainWorldOnly:0 FolderPath:Block01 FolderGuid:5710F1034B6DC7FBD588718E283EB93C
 |   |   |- [+] [ 38]
 |   |   |   |- Guid:E5320C1B4FD9764CE7B54D8487AEC613 BaseClass: NativeClass:/Script/Engine.SkyLight Name:SkyLight_0 Label:SkyLight SpatiallyLoaded:0 Bounds:IsValid=true, Min=(X=0.000 Y=0.000 Z=690.000), Max=(X=0.000 Y=0.000 Z=690.000) RuntimeGrid:None EditorOnly:0 RuntimeOnly:0 HLODRelevant:0 ListedInSceneOutliner:1 IsMainWorldOnly:0 FolderPath:Lighting FolderGuid:0BA5F0A04EADB18E70D5B180D08FA34B
 |   |   |- [+] [ 39]
 |   |   |   |- Guid:E8D0C73E4B0AF2F3A394DF89686858B0 BaseClass:/Game/BLUEPRINTS/Interactables/BP_VHSTape.BP_VHSTape_C NativeClass:/Script/Engine.Actor Name:BP_VHSTape_C_UAID_00FF5D82FCEFEB5E02_1493399129 Label:BP_VHSTape3 SpatiallyLoaded:1 Bounds:IsValid=true, Min=(X=925.984 Y=815.662 Z=23.514), Max=(X=1023.051 Y=1055.662 Z=183.583) RuntimeGrid:None EditorOnly:0 RuntimeOnly:0 HLODRelevant:0 ListedInSceneOutliner:1 IsMainWorldOnly:0
 |   |   |- [+] [ 40]
 |   |   |   |- Guid:EF1E15D043EF62619AB00E9ED32C797C BaseClass:/Game/BLUEPRINTS/Interactables/BP_VHSTape.BP_VHSTape_C NativeClass:/Script/Engine.Actor Name:BP_VHSTape_C_UAID_00FF5D82FCEF075F02_1664652748 Label:BP_VHSTape17 SpatiallyLoaded:1 Bounds:IsValid=true, Min=(X=925.984 Y=864.361 Z=75.369), Max=(X=1023.051 Y=1104.361 Z=235.438) RuntimeGrid:None EditorOnly:0 RuntimeOnly:0 HLODRelevant:0 ListedInSceneOutliner:1 IsMainWorldOnly:0
 |   |   |- [+] [ 41]
 |   |   |   |- Guid:F07F1AF64C7C7C238EE1B4BF8C122DD8 BaseClass: NativeClass:/Script/Engine.StaticMeshActor Name:StaticMeshActor_4 Label:SM_Cube3 SpatiallyLoaded:1 Bounds:IsValid=true, Min=(X=0.000 Y=3400.000 Z=0.000), Max=(X=3000.000 Y=3500.000 Z=400.000) RuntimeGrid:None EditorOnly:0 RuntimeOnly:0 HLODRelevant:1 ListedInSceneOutliner:1 IsMainWorldOnly:0 FolderPath:Playground FolderGuid:6C02BB504B69D1F3D7A624B130C18E5B
 |   |   |- [+] [ 42]
 |   |   |   |- Guid:F3A239884AD12CA7F3FD67AE1A2A49B9 BaseClass:/Game/BLUEPRINTS/Interactables/BP_VHSTape.BP_VHSTape_C NativeClass:/Script/Engine.Actor Name:BP_VHSTape_C_UAID_00FF5D82FCEFEB5E02_1494307130 Label:BP_VHSTape4 SpatiallyLoaded:1 Bounds:IsValid=true, Min=(X=925.984 Y=786.289 Z=23.514), Max=(X=1023.051 Y=1026.289 Z=183.583) RuntimeGrid:None EditorOnly:0 RuntimeOnly:0 HLODRelevant:0 ListedInSceneOutliner:1 IsMainWorldOnly:0
 |   |   |- [+] [ 43]
 |   |   |   |- Guid:F431EB84447E93C949455295BC27EC42 BaseClass: NativeClass:/Script/Engine.StaticMeshActor Name:StaticMeshActor_UAID_00FF5D82FCEFE85E02_1595591593 Label:SM_Cube7 SpatiallyLoaded:1 Bounds:IsValid=true, Min=(X=895.000 Y=600.000 Z=0.000), Max=(X=995.000 Y=1100.000 Z=100.000) RuntimeGrid:None EditorOnly:0 RuntimeOnly:0 HLODRelevant:1 ListedInSceneOutliner:1 IsMainWorldOnly:0 FolderPath:Block01 FolderGuid:5710F1034B6DC7FBD588718E283EB93C
 |   |   |- [+] [ 44]
 |   |   |   |- Guid:F80621C9446867154938FE81375207DA BaseClass: NativeClass:/Script/Engine.DirectionalLight Name:DirectionalLight_1 Label:DirectionalLight SpatiallyLoaded:0 Bounds:IsValid=true, Min=(X=-4398046511104.000 Y=-4398046511104.000 Z=-4398046511104.000), Max=(X=4398046511104.000 Y=4398046511104.000 Z=4398046511104.000) RuntimeGrid:None EditorOnly:0 RuntimeOnly:0 HLODRelevant:0 ListedInSceneOutliner:1 IsMainWorldOnly:0 FolderPath:Lighting FolderGuid:0BA5F0A04EADB18E70D5B180D08FA34B
 |   |   |- [+] [ 45]
 |   |   |   |- Guid:F8958F59435B7FE625A4D9B2D14CA085 BaseClass:/Game/BLUEPRINTS/Interactables/BP_VHSTape.BP_VHSTape_C NativeClass:/Script/Engine.Actor Name:BP_VHSTape_C_UAID_00FF5D82FCEF075F02_1659741743 Label:BP_VHSTape12 SpatiallyLoaded:1 Bounds:IsValid=true, Min=(X=925.984 Y=864.361 Z=46.571), Max=(X=1023.051 Y=1104.361 Z=206.640) RuntimeGrid:None EditorOnly:0 RuntimeOnly:0 HLODRelevant:0 ListedInSceneOutliner:1 IsMainWorldOnly:0
 |   |   |- [+] [ 46]
 |   |   |   |- Guid:FC59993C471F9A0FD7BD52845154002E BaseClass:/Game/BLUEPRINTS/Interactables/BP_VHSTape.BP_VHSTape_C NativeClass:/Script/Engine.Actor Name:BP_VHSTape_C_UAID_00FF5D82FCEF075F02_1664646744 Label:BP_VHSTape13 SpatiallyLoaded:1 Bounds:IsValid=true, Min=(X=925.984 Y=864.361 Z=52.312), Max=(X=1023.051 Y=1104.361 Z=212.382) RuntimeGrid:None EditorOnly:0 RuntimeOnly:0 HLODRelevant:0 ListedInSceneOutliner:1 IsMainWorldOnly:0
 |- ContainerInstances:
 |- [+] MainContainer:
 |   |-        ID: 00000000000000000000000000000000
 |   |-  ParentID: 00000000000000000000000000000000
 |   |-    Bounds: IsValid=false, Min=(X=0.000 Y=0.000 Z=0.000), Max=(X=0.000 Y=0.000 Z=0.000)
 |   |- Transform: 0.000000,0.000000,0.000000|0.000000,0.000000,-0.000000|1.000000,1.000000,1.000000
 |   |- Container: /Game/MODELS/FirstPerson/Maps/FirstPersonMap
----------------------------------------------------------------------------------------------------------------
FirstPersonMap - Persistent Level
----------------------------------------------------------------------------------------------------------------
[+] Content of FirstPersonMap Persistent Level
 |- Always loaded Actor Count: 5 
 |- Actor Path: /Game/MODELS/FirstPerson/Maps/FirstPersonMap.FirstPersonMap:PersistentLevel.Brush_0
 |- Actor Package: /Game/MODELS/FirstPerson/Maps/FirstPersonMap
 |- Actor Path: /Game/MODELS/FirstPerson/Maps/FirstPersonMap.FirstPersonMap:PersistentLevel.DefaultPhysicsVolume_0
 |- Actor Package: /Game/MODELS/FirstPerson/Maps/FirstPersonMap
 |- Actor Path: /Game/MODELS/FirstPerson/Maps/FirstPersonMap.FirstPersonMap:PersistentLevel.FirstPersonExampleMap_C_1
 |- Actor Package: /Game/MODELS/FirstPerson/Maps/FirstPersonMap
 |- Actor Path: /Game/MODELS/FirstPerson/Maps/FirstPersonMap.FirstPersonMap:PersistentLevel.WorldDataLayers
 |- Actor Package: /Game/__ExternalActors__/MODELS/FirstPerson/Maps/FirstPersonMap/3/1I/IHDNNYN4VXM7CP6RM3HQYH
 |- Actor Path: /Game/MODELS/FirstPerson/Maps/FirstPersonMap.FirstPersonMap:PersistentLevel.WorldInfo_0
 |- Actor Package: /Game/MODELS/FirstPerson/Maps/FirstPersonMap

----------------------------------------------------------------------------------------------------------------
FirstPersonMap - Runtime Spatial Hash - Streaming Grid - MainGrid
----------------------------------------------------------------------------------------------------------------
            Origin: X=0.000 Y=0.000 Z=0.000
         Cell Size: 12800
      World Bounds: IsValid=false, Min=(X=0.000 Y=0.000 Z=0.000), Max=(X=0.000 Y=0.000 Z=0.000)
     Loading Range: 25600.00
Block Slow Loading: No
 ClientOnlyVisible: No
            Origin: X=0.000 Y=0.000 Z=0.000

[+] Grid Levels: 1
 |- Level  0: Cell Count    1 | Cell Size   12800 | Actor Count   47 (100.0%)

[+] Content of Grid Level 0
 |- [+] Content of Cell FirstPersonMap_MainGrid_L0_X0_Y0 (68NEPO3YQEY91T4NER23KORBO)
 |   |- Actor Count: 47
 |   |-          Actor Path: /Game/MODELS/FirstPerson/Maps/FirstPersonMap.FirstPersonMap:PersistentLevel.BP_VHSTape_C_UAID_00FF5D82FCEF075F02_1678403753
 |   |-       Actor Package: /Game/__ExternalActors__/MODELS/FirstPerson/Maps/FirstPersonMap/3/HL/2MC1WSEBAS5ZN6YVGE04M4
 |   |- Actor Instance Guid: 012352F2476C51A5F00B02B3876DB6D3
 |   |-          Actor Path: /Game/MODELS/FirstPerson/Maps/FirstPersonMap.FirstPersonMap:PersistentLevel.StaticMeshActor_10
 |   |-       Actor Package: /Game/__ExternalActors__/MODELS/FirstPerson/Maps/FirstPersonMap/3/P4/UK9Y2Q0ASLBSIRHEGSJD1F
 |   |- Actor Instance Guid: 0EDB289B45CB7E0977A6DBA74201EE76
 |   |-          Actor Path: /Game/MODELS/FirstPerson/Maps/FirstPersonMap.FirstPersonMap:PersistentLevel.BP_DVD_Station_C_UAID_00FF5D82FCEFFD5F02_1997093345
 |   |-       Actor Package: /Game/__ExternalActors__/MODELS/FirstPerson/Maps/FirstPersonMap/0/V2/13WM1ZOW6NFLNBF16UBGR3
 |   |- Actor Instance Guid: 0FFAB7484C2DB8FEDAD66E8ACF3AC729
 |   |-          Actor Path: /Game/MODELS/FirstPerson/Maps/FirstPersonMap.FirstPersonMap:PersistentLevel.BP_VHSTape_C_UAID_00FF5D82FCEF075F02_1654168741
 |   |-       Actor Package: /Game/__ExternalActors__/MODELS/FirstPerson/Maps/FirstPersonMap/3/81/OSW1I2Z54BKI1YZ7LBR3HO
 |   |- Actor Instance Guid: 189DC8B243DB7A7515D39D87FF571A4B
 |   |-          Actor Path: /Game/MODELS/FirstPerson/Maps/FirstPersonMap.FirstPersonMap:PersistentLevel.BP_VHSTape_C_UAID_00FF5D82FCEF075F02_1678398749
 |   |-       Actor Package: /Game/__ExternalActors__/MODELS/FirstPerson/Maps/FirstPersonMap/8/NA/B7V4N8L96767M5B7I3HAN3
 |   |- Actor Instance Guid: 19EC0B934C2E6E773D21D8B19018CFEB
 |   |-          Actor Path: /Game/MODELS/FirstPerson/Maps/FirstPersonMap.FirstPersonMap:PersistentLevel.BP_DVDDirt_C_UAID_00FF5D82FCEF166402_1132294249
 |   |-       Actor Package: /Game/__ExternalActors__/MODELS/FirstPerson/Maps/FirstPersonMap/5/6W/TCYZUOR53EDUYDKLASF37H
 |   |- Actor Instance Guid: 1A643458444B2B4A2012129536E7B268
 |   |-          Actor Path: /Game/MODELS/FirstPerson/Maps/FirstPersonMap.FirstPersonMap:PersistentLevel.TextRenderActor_1
 |   |-       Actor Package: /Game/__ExternalActors__/MODELS/FirstPerson/Maps/FirstPersonMap/5/42/799G6R17YXKIOM7HJKY8SA
 |   |- Actor Instance Guid: 21262252453B37957EF29F82ABA2413B
 |   |-          Actor Path: /Game/MODELS/FirstPerson/Maps/FirstPersonMap.FirstPersonMap:PersistentLevel.BP_DVDTray_C_UAID_00FF5D82FCEF506302_1144611121
 |   |-       Actor Package: /Game/__ExternalActors__/MODELS/FirstPerson/Maps/FirstPersonMap/0/8X/79D7S58PQZLWBTTHEVINWD
 |   |- Actor Instance Guid: 22D562314CB45B2E3649F38097C4B004
 |   |-          Actor Path: /Game/MODELS/FirstPerson/Maps/FirstPersonMap.FirstPersonMap:PersistentLevel.BP_VHSTape_C_UAID_00FF5D82FCEF075F02_1678402752
 |   |-       Actor Package: /Game/__ExternalActors__/MODELS/FirstPerson/Maps/FirstPersonMap/2/GS/AU6MAQNR7F53FFSAO20FOZ
 |   |- Actor Instance Guid: 319A0E7147B57FD83FAE7D91B325EC43
 |   |-          Actor Path: /Game/MODELS/FirstPerson/Maps/FirstPersonMap.FirstPersonMap:PersistentLevel.BP_VHSTape_C_UAID_00FF5D82FCEFED5E02_1664071471
 |   |-       Actor Package: /Game/__ExternalActors__/MODELS/FirstPerson/Maps/FirstPersonMap/1/3V/ZI5CE2D3JMHTFMP97ZNKL6
 |   |- Actor Instance Guid: 32C3295341399E6E060949BB8DE0F851
 |   |-          Actor Path: /Game/MODELS/FirstPerson/Maps/FirstPersonMap.FirstPersonMap:PersistentLevel.BP_VHSTape_C_UAID_00FF5D82FCEFEB5E02_1491278127
 |   |-       Actor Package: /Game/__ExternalActors__/MODELS/FirstPerson/Maps/FirstPersonMap/C/YM/QXEVW7AUKAVCHUJDZ7JHIW
 |   |- Actor Instance Guid: 395348B24FF9FEAF622AFA9079E4D2A5
 |   |-          Actor Path: /Game/MODELS/FirstPerson/Maps/FirstPersonMap.FirstPersonMap:PersistentLevel.StaticMeshActor_UAID_00FF5D82FCEFE85E02_1713426597
 |   |-       Actor Package: /Game/__ExternalActors__/MODELS/FirstPerson/Maps/FirstPersonMap/9/5H/6C7P8BGWO54VUEN8WMIWC9
 |   |- Actor Instance Guid: 476A8BA34B961AA577C96896B742363C
 |   |-          Actor Path: /Game/MODELS/FirstPerson/Maps/FirstPersonMap.FirstPersonMap:PersistentLevel.BP_RewindMachine_C_UAID_00FF5D82FCEFEA5E02_1300884950
 |   |-       Actor Package: /Game/__ExternalActors__/MODELS/FirstPerson/Maps/FirstPersonMap/3/C9/4RKIZLQ2KRJJGJ8OA8P8GM
 |   |- Actor Instance Guid: 4D5B3BD04169BDA4ECE8AAB6F911EA4B
 |   |-          Actor Path: /Game/MODELS/FirstPerson/Maps/FirstPersonMap.FirstPersonMap:PersistentLevel.BP_VHSTape_C_UAID_00FF5D82FCEF075F02_1678401751
 |   |-       Actor Package: /Game/__ExternalActors__/MODELS/FirstPerson/Maps/FirstPersonMap/D/XP/VURZJBGFOJF6KPNAIFN02R
 |   |- Actor Instance Guid: 59093BCF4662DB636E97739A45130133
 |   |-          Actor Path: /Game/MODELS/FirstPerson/Maps/FirstPersonMap.FirstPersonMap:PersistentLevel.BP_VHSTape_C_UAID_00FF5D82FCEF075F02_1664650747
 |   |-       Actor Package: /Game/__ExternalActors__/MODELS/FirstPerson/Maps/FirstPersonMap/5/8Y/9FM7VTEBIU3F3S779H9TDO
 |   |- Actor Instance Guid: 5F05E46345B2FA84F309A4A5B416DD7B
 |   |-          Actor Path: /Game/MODELS/FirstPerson/Maps/FirstPersonMap.FirstPersonMap:PersistentLevel.VolumetricCloud_0
 |   |-       Actor Package: /Game/__ExternalActors__/MODELS/FirstPerson/Maps/FirstPersonMap/C/X5/TJPEWGWJ1FK2OLRXHI7B62
 |   |- Actor Instance Guid: 5FE7584649BB6F09265329A6C57CFD0D
 |   |-          Actor Path: /Game/MODELS/FirstPerson/Maps/FirstPersonMap.FirstPersonMap:PersistentLevel.ExponentialHeightFog_0
 |   |-       Actor Package: /Game/__ExternalActors__/MODELS/FirstPerson/Maps/FirstPersonMap/4/3Y/Q2PX00GMWF3KHX506BL7DT
 |   |- Actor Instance Guid: 61391D344900612A77DFC3BA3E354907
 |   |-          Actor Path: /Game/MODELS/FirstPerson/Maps/FirstPersonMap.FirstPersonMap:PersistentLevel.StaticMeshActor_0
 |   |-       Actor Package: /Game/__ExternalActors__/MODELS/FirstPerson/Maps/FirstPersonMap/C/G0/P6RJ0KHLGQ0S2YM1SIHDDC
 |   |- Actor Instance Guid: 78CAF7514C7533F30BD2F19A017AAB65
 |   |-          Actor Path: /Game/MODELS/FirstPerson/Maps/FirstPersonMap.FirstPersonMap:PersistentLevel.StaticMeshActor_UAID_00FF5D82FCEFE85E02_1698425594
 |   |-       Actor Package: /Game/__ExternalActors__/MODELS/FirstPerson/Maps/FirstPersonMap/1/SL/2K8B82D4HXY0ME6GFZFRRX
 |   |- Actor Instance Guid: 7A1B0EF144E153F7AC9D469FDDC7C3C5
 |   |-          Actor Path: /Game/MODELS/FirstPerson/Maps/FirstPersonMap.FirstPersonMap:PersistentLevel.BP_VHSTape_C_UAID_00FF5D82FCEF075F02_1649407740
 |   |-       Actor Package: /Game/__ExternalActors__/MODELS/FirstPerson/Maps/FirstPersonMap/C/K7/JNU7BO9XQA04IHQAGDRJUK
 |   |- Actor Instance Guid: 7DD69AB34C04098B68E84DB260726E68
 |   |-          Actor Path: /Game/MODELS/FirstPerson/Maps/FirstPersonMap.FirstPersonMap:PersistentLevel.BP_VHSTape_C_UAID_00FF5D82FCEFEB5E02_1492629128
 |   |-       Actor Package: /Game/__ExternalActors__/MODELS/FirstPerson/Maps/FirstPersonMap/4/P1/9BDJCCQPW57WXO8439ZNOJ
 |   |- Actor Instance Guid: 812170BC407368D251E826B317CB12E4
 |   |-          Actor Path: /Game/MODELS/FirstPerson/Maps/FirstPersonMap.FirstPersonMap:PersistentLevel.StaticMeshActor_9
 |   |-       Actor Package: /Game/__ExternalActors__/MODELS/FirstPerson/Maps/FirstPersonMap/0/QP/I8TLXWRO7ICXHJNOR433X2
 |   |- Actor Instance Guid: 8559D1384B14F466E8927697A36C1D78
 |   |-          Actor Path: /Game/MODELS/FirstPerson/Maps/FirstPersonMap.FirstPersonMap:PersistentLevel.StaticMeshActor_3
 |   |-       Actor Package: /Game/__ExternalActors__/MODELS/FirstPerson/Maps/FirstPersonMap/5/CL/05HZWCZTRFJL9S8HJTDR70
 |   |- Actor Instance Guid: 90B7B8D3420C2EABA931D3A6A69DF696
 |   |-          Actor Path: /Game/MODELS/FirstPerson/Maps/FirstPersonMap.FirstPersonMap:PersistentLevel.BP_VHSTape_C_UAID_00FF5D82FCEF015F02_1312070329
 |   |-       Actor Package: /Game/__ExternalActors__/MODELS/FirstPerson/Maps/FirstPersonMap/4/IT/VHI5J6PHHDN1ZNAA70ACK9
 |   |- Actor Instance Guid: 96964B554DAD91B9DBB333841CFBBB73
 |   |-          Actor Path: /Game/MODELS/FirstPerson/Maps/FirstPersonMap.FirstPersonMap:PersistentLevel.BP_FirstPersonCharacter_C_UAID_00FF5D82FCEFE65E02_1259826239
 |   |-       Actor Package: /Game/__ExternalActors__/MODELS/FirstPerson/Maps/FirstPersonMap/A/RY/7T5RA07HM5TBA2NZ3LHZPK
 |   |- Actor Instance Guid: 9867EB35443244464EC53C83087DCBC2
 |   |-          Actor Path: /Game/MODELS/FirstPerson/Maps/FirstPersonMap.FirstPersonMap:PersistentLevel.BP_VHSTape_C_UAID_00FF5D82FCEF075F02_1678400750
 |   |-       Actor Package: /Game/__ExternalActors__/MODELS/FirstPerson/Maps/FirstPersonMap/9/IB/LMM3EHFZ4JMEF2MMBI2US1
 |   |- Actor Instance Guid: 9AED7DAC4A7D1809A2E77288FE4B8974
 |   |-          Actor Path: /Game/MODELS/FirstPerson/Maps/FirstPersonMap.FirstPersonMap:PersistentLevel.StaticMeshActor_5
 |   |-       Actor Package: /Game/__ExternalActors__/MODELS/FirstPerson/Maps/FirstPersonMap/5/3U/TO8DSLMTTNTKVF05JIHFCB
 |   |- Actor Instance Guid: B1E356C04D0CD1605DCFE9B7A83B3E98
 |   |-          Actor Path: /Game/MODELS/FirstPerson/Maps/FirstPersonMap.FirstPersonMap:PersistentLevel.StaticMeshActor_UAID_00FF5D82FCEFE85E02_1702741595
 |   |-       Actor Package: /Game/__ExternalActors__/MODELS/FirstPerson/Maps/FirstPersonMap/E/84/5IQTD0H2THVHFPAKLWSPM8
 |   |- Actor Instance Guid: B85E0D7D42E069FA899583ABDD51055A
 |   |-          Actor Path: /Game/MODELS/FirstPerson/Maps/FirstPersonMap.FirstPersonMap:PersistentLevel.BP_VHSTape_C_UAID_00FF5D82FCEF075F02_1664648745
 |   |-       Actor Package: /Game/__ExternalActors__/MODELS/FirstPerson/Maps/FirstPersonMap/2/FW/9X5P5UICAMAEOI2IRN1XQH
 |   |- Actor Instance Guid: B8FFDEC34D514EEDA915BEBEFBACF3CE
 |   |-          Actor Path: /Game/MODELS/FirstPerson/Maps/FirstPersonMap.FirstPersonMap:PersistentLevel.BP_VHSTape_C_UAID_00FF5D82FCEF015F02_1314451330
 |   |-       Actor Package: /Game/__ExternalActors__/MODELS/FirstPerson/Maps/FirstPersonMap/3/AS/Q0SWUIOV0AOTN1NWLPC9AB
 |   |- Actor Instance Guid: BCB8062D4EEC85A237DBB1A116A01C87
 |   |-          Actor Path: /Game/MODELS/FirstPerson/Maps/FirstPersonMap.FirstPersonMap:PersistentLevel.BP_DVD_C_UAID_00FF5D82FCEF4F6302_1792099944
 |   |-       Actor Package: /Game/__ExternalActors__/MODELS/FirstPerson/Maps/FirstPersonMap/9/MZ/ZOY32F2V7Y3SDAJ9RNBXNV
 |   |- Actor Instance Guid: C078279245EE5FB98DB2CCBB82AEFEB9
 |   |-          Actor Path: /Game/MODELS/FirstPerson/Maps/FirstPersonMap.FirstPersonMap:PersistentLevel.StaticMeshActor_UAID_A4AE111137DC5EFB00_2001720423
 |   |-       Actor Package: /Game/__ExternalActors__/MODELS/FirstPerson/Maps/FirstPersonMap/3/8W/PR0QO9ZA15K0NN7IDXZFC6
 |   |- Actor Instance Guid: C0C56B9644AE3D40CAFF6A878DB29844
 |   |-          Actor Path: /Game/MODELS/FirstPerson/Maps/FirstPersonMap.FirstPersonMap:PersistentLevel.SkyAtmosphere_0
 |   |-       Actor Package: /Game/__ExternalActors__/MODELS/FirstPerson/Maps/FirstPersonMap/2/5H/CSNZSEU7WA8UCG5HEDD0TN
 |   |- Actor Instance Guid: C22CE07C4B87D685137FDBBC10FC92C6
 |   |-          Actor Path: /Game/MODELS/FirstPerson/Maps/FirstPersonMap.FirstPersonMap:PersistentLevel.BP_VHSTape_C_UAID_00FF5D82FCEF075F02_1656269742
 |   |-       Actor Package: /Game/__ExternalActors__/MODELS/FirstPerson/Maps/FirstPersonMap/1/ZU/7HN92Y6LY86VW8VIK9S5XT
 |   |- Actor Instance Guid: C97CB2904D9213C9A09DA68A0814BA23
 |   |-          Actor Path: /Game/MODELS/FirstPerson/Maps/FirstPersonMap.FirstPersonMap:PersistentLevel.BP_VHSTape_C_UAID_00FF5D82FCEF015F02_1307201328
 |   |-       Actor Package: /Game/__ExternalActors__/MODELS/FirstPerson/Maps/FirstPersonMap/3/FP/CNQQRR28XW5UI3RU4FF91W
 |   |- Actor Instance Guid: CD1FBEDF438D7F9861182BA6116FCFBB
 |   |-          Actor Path: /Game/MODELS/FirstPerson/Maps/FirstPersonMap.FirstPersonMap:PersistentLevel.PostProcessVolume_0
 |   |-       Actor Package: /Game/__ExternalActors__/MODELS/FirstPerson/Maps/FirstPersonMap/E/J9/ACAJZ3FPKM51K15YEQRSIU
 |   |- Actor Instance Guid: CE8D82634660FCDB3120E2B8D547C533
 |   |-          Actor Path: /Game/MODELS/FirstPerson/Maps/FirstPersonMap.FirstPersonMap:PersistentLevel.BP_VHSTape_C_UAID_00FF5D82FCEF075F02_1664649746
 |   |-       Actor Package: /Game/__ExternalActors__/MODELS/FirstPerson/Maps/FirstPersonMap/0/P3/U7BNFMMKMPTRSZW60PAICV
 |   |- Actor Instance Guid: D5CF659A4545C228CBA6809D8B57D61C
 |   |-          Actor Path: /Game/MODELS/FirstPerson/Maps/FirstPersonMap.FirstPersonMap:PersistentLevel.StaticMeshActor_UAID_00FF5D82FCEFE85E02_1708487596
 |   |-       Actor Package: /Game/__ExternalActors__/MODELS/FirstPerson/Maps/FirstPersonMap/E/83/KPTMUE93OR0R6BBHS1AEYC
 |   |- Actor Instance Guid: E01043E74ADB5F7F74F07DA8743F690A
 |   |-          Actor Path: /Game/MODELS/FirstPerson/Maps/FirstPersonMap.FirstPersonMap:PersistentLevel.SkyLight_0
 |   |-       Actor Package: /Game/__ExternalActors__/MODELS/FirstPerson/Maps/FirstPersonMap/3/DX/0Q6IWVOK6DESHFE2TRY80G
 |   |- Actor Instance Guid: E5320C1B4FD9764CE7B54D8487AEC613
 |   |-          Actor Path: /Game/MODELS/FirstPerson/Maps/FirstPersonMap.FirstPersonMap:PersistentLevel.BP_VHSTape_C_UAID_00FF5D82FCEFEB5E02_1493399129
 |   |-       Actor Package: /Game/__ExternalActors__/MODELS/FirstPerson/Maps/FirstPersonMap/E/B2/K2USMYYDG2WR42YU5MJSGY
 |   |- Actor Instance Guid: E8D0C73E4B0AF2F3A394DF89686858B0
 |   |-          Actor Path: /Game/MODELS/FirstPerson/Maps/FirstPersonMap.FirstPersonMap:PersistentLevel.BP_VHSTape_C_UAID_00FF5D82FCEF075F02_1664652748
 |   |-       Actor Package: /Game/__ExternalActors__/MODELS/FirstPerson/Maps/FirstPersonMap/5/UU/5ZJ4NE2BRW3KBTZCSWFQNG
 |   |- Actor Instance Guid: EF1E15D043EF62619AB00E9ED32C797C
 |   |-          Actor Path: /Game/MODELS/FirstPerson/Maps/FirstPersonMap.FirstPersonMap:PersistentLevel.StaticMeshActor_4
 |   |-       Actor Package: /Game/__ExternalActors__/MODELS/FirstPerson/Maps/FirstPersonMap/1/D9/MHRNSQ2LVTKLGV9M1LQQT9
 |   |- Actor Instance Guid: F07F1AF64C7C7C238EE1B4BF8C122DD8
 |   |-          Actor Path: /Game/MODELS/FirstPerson/Maps/FirstPersonMap.FirstPersonMap:PersistentLevel.BP_VHSTape_C_UAID_00FF5D82FCEFEB5E02_1494307130
 |   |-       Actor Package: /Game/__ExternalActors__/MODELS/FirstPerson/Maps/FirstPersonMap/4/6D/YZZTYAG2IM7NNH2TBFHC23
 |   |- Actor Instance Guid: F3A239884AD12CA7F3FD67AE1A2A49B9
 |   |-          Actor Path: /Game/MODELS/FirstPerson/Maps/FirstPersonMap.FirstPersonMap:PersistentLevel.StaticMeshActor_UAID_00FF5D82FCEFE85E02_1595591593
 |   |-       Actor Package: /Game/__ExternalActors__/MODELS/FirstPerson/Maps/FirstPersonMap/B/2I/A3Q41ZJU78WWD2JU7I78E0
 |   |- Actor Instance Guid: F431EB84447E93C949455295BC27EC42
 |   |-          Actor Path: /Game/MODELS/FirstPerson/Maps/FirstPersonMap.FirstPersonMap:PersistentLevel.DirectionalLight_1
 |   |-       Actor Package: /Game/__ExternalActors__/MODELS/FirstPerson/Maps/FirstPersonMap/B/NN/IFZDUQIJ9TBZTFR5HNR9AX
 |   |- Actor Instance Guid: F80621C9446867154938FE81375207DA
 |   |-          Actor Path: /Game/MODELS/FirstPerson/Maps/FirstPersonMap.FirstPersonMap:PersistentLevel.BP_VHSTape_C_UAID_00FF5D82FCEF075F02_1659741743
 |   |-       Actor Package: /Game/__ExternalActors__/MODELS/FirstPerson/Maps/FirstPersonMap/5/NR/1AZPBD39RB2HMW4VWEA6E6
 |   |- Actor Instance Guid: F8958F59435B7FE625A4D9B2D14CA085
 |   |-          Actor Path: /Game/MODELS/FirstPerson/Maps/FirstPersonMap.FirstPersonMap:PersistentLevel.BP_VHSTape_C_UAID_00FF5D82FCEF075F02_1664646744
 |   |-       Actor Package: /Game/__ExternalActors__/MODELS/FirstPerson/Maps/FirstPersonMap/B/SK/8HSMNO13Q5PC5KUK1E32QC
 |   |- Actor Instance Guid: FC59993C471F9A0FD7BD52845154002E

